2026-01-01 13:16:24 [main] INFO  c.g.strava.StravaSpringApplication - Starting StravaSpringApplication using Java 21.0.9 with PID 19600 (C:\Users\Cliente\Desktop\JAVA\strava-connect-java-getavares\strava-spring\target\classes started by Cliente in C:\Users\Cliente\Desktop\JAVA\strava-connect-java-getavares\strava-spring)
2026-01-01 13:16:24 [main] DEBUG c.g.strava.StravaSpringApplication - Running with Spring Boot v3.2.0, Spring v6.1.1
2026-01-01 13:16:24 [main] INFO  c.g.strava.StravaSpringApplication - The following 1 profile is active: "dev"
2026-01-01 13:16:25 [main] INFO  o.s.b.w.e.tomcat.TomcatWebServer - Tomcat initialized with port 8080 (http)
2026-01-01 13:16:25 [main] INFO  o.a.catalina.core.StandardService - Starting service [Tomcat]
2026-01-01 13:16:25 [main] INFO  o.a.catalina.core.StandardEngine - Starting Servlet engine: [Apache Tomcat/10.1.16]
2026-01-01 13:16:25 [main] INFO  o.a.c.c.C.[.[localhost].[/api] - Initializing Spring embedded WebApplicationContext
2026-01-01 13:16:25 [main] INFO  o.s.b.w.s.c.ServletWebServerApplicationContext - Root WebApplicationContext: initialization completed in 741 ms
2026-01-01 13:16:25 [main] DEBUG o.s.w.s.m.m.a.RequestMappingHandlerMapping - 6 mappings in 'requestMappingHandlerMapping'
2026-01-01 13:16:25 [main] DEBUG o.s.w.s.h.SimpleUrlHandlerMapping - Patterns [/webjars/**, /**] in 'resourceHandlerMapping'
2026-01-01 13:16:25 [main] DEBUG o.s.w.s.m.m.a.RequestMappingHandlerAdapter - ControllerAdvice beans: 0 @ModelAttribute, 0 @InitBinder, 1 RequestBodyAdvice, 1 ResponseBodyAdvice
2026-01-01 13:16:25 [main] DEBUG o.s.w.s.m.m.a.ExceptionHandlerExceptionResolver - ControllerAdvice beans: 0 @ExceptionHandler, 1 ResponseBodyAdvice
2026-01-01 13:16:25 [main] INFO  o.a.c.c.C.[.[localhost].[/api] - Initializing Spring DispatcherServlet 'dispatcherServlet'
2026-01-01 13:16:25 [main] INFO  o.s.web.servlet.DispatcherServlet - Initializing Servlet 'dispatcherServlet'
2026-01-01 13:16:25 [main] DEBUG o.s.web.servlet.DispatcherServlet - Detected StandardServletMultipartResolver
2026-01-01 13:16:25 [main] DEBUG o.s.web.servlet.DispatcherServlet - Detected AcceptHeaderLocaleResolver
2026-01-01 13:16:25 [main] DEBUG o.s.web.servlet.DispatcherServlet - Detected FixedThemeResolver
2026-01-01 13:16:25 [main] DEBUG o.s.web.servlet.DispatcherServlet - Detected org.springframework.web.servlet.view.DefaultRequestToViewNameTranslator@188598ad
2026-01-01 13:16:25 [main] DEBUG o.s.web.servlet.DispatcherServlet - Detected org.springframework.web.servlet.support.SessionFlashMapManager@40d23c82
2026-01-01 13:16:25 [main] DEBUG o.s.web.servlet.DispatcherServlet - enableLoggingRequestDetails='false': request parameters and headers will be masked to prevent unsafe logging of potentially sensitive data
2026-01-01 13:16:25 [main] INFO  o.s.web.servlet.DispatcherServlet - Completed initialization in 2 ms
2026-01-01 13:16:25 [main] INFO  o.s.b.w.e.tomcat.TomcatWebServer - Tomcat started on port 8080 (http) with context path '/api'
2026-01-01 13:16:25 [main] INFO  c.g.strava.StravaSpringApplication - Started StravaSpringApplication in 1.533 seconds (process running for 1.8)
2026-01-01 13:17:59 [main] INFO  c.g.strava.StravaSpringApplication - Starting StravaSpringApplication using Java 21.0.9 with PID 18336 (C:\Users\Cliente\Desktop\JAVA\strava-connect-java-getavares\strava-spring\target\classes started by Cliente in C:\Users\Cliente\Desktop\JAVA\strava-connect-java-getavares\strava-spring)
2026-01-01 13:17:59 [main] DEBUG c.g.strava.StravaSpringApplication - Running with Spring Boot v3.2.0, Spring v6.1.1
2026-01-01 13:17:59 [main] INFO  c.g.strava.StravaSpringApplication - The following 1 profile is active: "dev"
2026-01-01 13:17:59 [main] INFO  o.s.b.w.e.tomcat.TomcatWebServer - Tomcat initialized with port 8080 (http)
2026-01-01 13:17:59 [main] INFO  o.a.catalina.core.StandardService - Starting service [Tomcat]
2026-01-01 13:17:59 [main] INFO  o.a.catalina.core.StandardEngine - Starting Servlet engine: [Apache Tomcat/10.1.16]
2026-01-01 13:18:00 [main] INFO  o.a.c.c.C.[.[localhost].[/api] - Initializing Spring embedded WebApplicationContext
2026-01-01 13:18:00 [main] INFO  o.s.b.w.s.c.ServletWebServerApplicationContext - Root WebApplicationContext: initialization completed in 648 ms
2026-01-01 13:18:00 [main] DEBUG o.s.w.s.m.m.a.RequestMappingHandlerMapping - 6 mappings in 'requestMappingHandlerMapping'
2026-01-01 13:18:00 [main] DEBUG o.s.w.s.h.SimpleUrlHandlerMapping - Patterns [/webjars/**, /**] in 'resourceHandlerMapping'
2026-01-01 13:18:00 [main] DEBUG o.s.w.s.m.m.a.RequestMappingHandlerAdapter - ControllerAdvice beans: 0 @ModelAttribute, 0 @InitBinder, 1 RequestBodyAdvice, 1 ResponseBodyAdvice
2026-01-01 13:18:00 [main] DEBUG o.s.w.s.m.m.a.ExceptionHandlerExceptionResolver - ControllerAdvice beans: 0 @ExceptionHandler, 1 ResponseBodyAdvice
2026-01-01 13:18:00 [main] WARN  o.s.b.w.s.c.AnnotationConfigServletWebServerApplicationContext - Exception encountered during context initialization - cancelling refresh attempt: org.springframework.context.ApplicationContextException: Failed to start bean 'webServerStartStop'
2026-01-01 13:18:00 [main] INFO  o.s.b.a.l.ConditionEvaluationReportLogger - 

Error starting ApplicationContext. To display the condition evaluation report re-run your application with 'debug' enabled.
2026-01-01 13:18:00 [main] ERROR o.s.b.d.LoggingFailureAnalysisReporter - 

***************************
APPLICATION FAILED TO START
***************************

Description:

Web server failed to start. Port 8080 was already in use.

Action:

Identify and stop the process that's listening on port 8080 or configure this application to listen on another port.

2026-01-01 13:19:02 [main] INFO  c.g.strava.StravaSpringApplication - Starting StravaSpringApplication using Java 21.0.9 with PID 3960 (C:\Users\Cliente\Desktop\JAVA\strava-connect-java-getavares\strava-spring\target\classes started by Cliente in C:\Users\Cliente\Desktop\JAVA\strava-connect-java-getavares\strava-spring)
2026-01-01 13:19:02 [main] DEBUG c.g.strava.StravaSpringApplication - Running with Spring Boot v3.2.0, Spring v6.1.1
2026-01-01 13:19:02 [main] INFO  c.g.strava.StravaSpringApplication - The following 1 profile is active: "dev"
2026-01-01 13:19:03 [main] INFO  o.s.b.w.e.tomcat.TomcatWebServer - Tomcat initialized with port 8080 (http)
2026-01-01 13:19:03 [main] INFO  o.a.catalina.core.StandardService - Starting service [Tomcat]
2026-01-01 13:19:03 [main] INFO  o.a.catalina.core.StandardEngine - Starting Servlet engine: [Apache Tomcat/10.1.16]
2026-01-01 13:19:03 [main] INFO  o.a.c.c.C.[.[localhost].[/api] - Initializing Spring embedded WebApplicationContext
2026-01-01 13:19:03 [main] INFO  o.s.b.w.s.c.ServletWebServerApplicationContext - Root WebApplicationContext: initialization completed in 631 ms
2026-01-01 13:19:03 [main] DEBUG o.s.w.s.m.m.a.RequestMappingHandlerMapping - 6 mappings in 'requestMappingHandlerMapping'
2026-01-01 13:19:03 [main] DEBUG o.s.w.s.h.SimpleUrlHandlerMapping - Patterns [/webjars/**, /**] in 'resourceHandlerMapping'
2026-01-01 13:19:03 [main] DEBUG o.s.w.s.m.m.a.RequestMappingHandlerAdapter - ControllerAdvice beans: 0 @ModelAttribute, 0 @InitBinder, 1 RequestBodyAdvice, 1 ResponseBodyAdvice
2026-01-01 13:19:03 [main] DEBUG o.s.w.s.m.m.a.ExceptionHandlerExceptionResolver - ControllerAdvice beans: 0 @ExceptionHandler, 1 ResponseBodyAdvice
2026-01-01 13:19:03 [main] INFO  o.a.c.c.C.[.[localhost].[/api] - Initializing Spring DispatcherServlet 'dispatcherServlet'
2026-01-01 13:19:03 [main] INFO  o.s.web.servlet.DispatcherServlet - Initializing Servlet 'dispatcherServlet'
2026-01-01 13:19:03 [main] DEBUG o.s.web.servlet.DispatcherServlet - Detected StandardServletMultipartResolver
2026-01-01 13:19:03 [main] DEBUG o.s.web.servlet.DispatcherServlet - Detected AcceptHeaderLocaleResolver
2026-01-01 13:19:03 [main] DEBUG o.s.web.servlet.DispatcherServlet - Detected FixedThemeResolver
2026-01-01 13:19:03 [main] DEBUG o.s.web.servlet.DispatcherServlet - Detected org.springframework.web.servlet.view.DefaultRequestToViewNameTranslator@2525a5b8
2026-01-01 13:19:03 [main] DEBUG o.s.web.servlet.DispatcherServlet - Detected org.springframework.web.servlet.support.SessionFlashMapManager@3458eca5
2026-01-01 13:19:03 [main] DEBUG o.s.web.servlet.DispatcherServlet - enableLoggingRequestDetails='false': request parameters and headers will be masked to prevent unsafe logging of potentially sensitive data
2026-01-01 13:19:03 [main] INFO  o.s.web.servlet.DispatcherServlet - Completed initialization in 2 ms
2026-01-01 13:19:03 [main] INFO  o.s.b.w.e.tomcat.TomcatWebServer - Tomcat started on port 8080 (http) with context path '/api'
2026-01-01 13:19:03 [main] INFO  c.g.strava.StravaSpringApplication - Started StravaSpringApplication in 1.31 seconds (process running for 1.542)
2026-01-01 13:24:35 [main] INFO  c.g.strava.StravaSpringApplication - Starting StravaSpringApplication using Java 21.0.9 with PID 13308 (C:\Users\Cliente\Desktop\JAVA\strava-connect-java-getavares\strava-spring\target\classes started by Cliente in C:\Users\Cliente\Desktop\JAVA\strava-connect-java-getavares\strava-spring)
2026-01-01 13:24:35 [main] DEBUG c.g.strava.StravaSpringApplication - Running with Spring Boot v3.2.0, Spring v6.1.1
2026-01-01 13:24:35 [main] INFO  c.g.strava.StravaSpringApplication - The following 1 profile is active: "dev"
2026-01-01 13:24:36 [main] INFO  o.s.b.w.e.tomcat.TomcatWebServer - Tomcat initialized with port 8080 (http)
2026-01-01 13:24:36 [main] INFO  o.a.catalina.core.StandardService - Starting service [Tomcat]
2026-01-01 13:24:36 [main] INFO  o.a.catalina.core.StandardEngine - Starting Servlet engine: [Apache Tomcat/10.1.16]
2026-01-01 13:24:36 [main] INFO  o.a.c.c.C.[Tomcat].[localhost].[/] - Initializing Spring embedded WebApplicationContext
2026-01-01 13:24:36 [main] INFO  o.s.b.w.s.c.ServletWebServerApplicationContext - Root WebApplicationContext: initialization completed in 626 ms
2026-01-01 13:24:36 [main] DEBUG o.s.w.s.m.m.a.RequestMappingHandlerMapping - 6 mappings in 'requestMappingHandlerMapping'
2026-01-01 13:24:36 [main] DEBUG o.s.w.s.h.SimpleUrlHandlerMapping - Patterns [/webjars/**, /**] in 'resourceHandlerMapping'
2026-01-01 13:24:36 [main] DEBUG o.s.w.s.m.m.a.RequestMappingHandlerAdapter - ControllerAdvice beans: 0 @ModelAttribute, 0 @InitBinder, 1 RequestBodyAdvice, 1 ResponseBodyAdvice
2026-01-01 13:24:36 [main] DEBUG o.s.w.s.m.m.a.ExceptionHandlerExceptionResolver - ControllerAdvice beans: 0 @ExceptionHandler, 1 ResponseBodyAdvice
2026-01-01 13:24:36 [main] INFO  o.a.c.c.C.[Tomcat].[localhost].[/] - Initializing Spring DispatcherServlet 'dispatcherServlet'
2026-01-01 13:24:36 [main] INFO  o.s.web.servlet.DispatcherServlet - Initializing Servlet 'dispatcherServlet'
2026-01-01 13:24:36 [main] DEBUG o.s.web.servlet.DispatcherServlet - Detected StandardServletMultipartResolver
2026-01-01 13:24:36 [main] DEBUG o.s.web.servlet.DispatcherServlet - Detected AcceptHeaderLocaleResolver
2026-01-01 13:24:36 [main] DEBUG o.s.web.servlet.DispatcherServlet - Detected FixedThemeResolver
2026-01-01 13:24:36 [main] DEBUG o.s.web.servlet.DispatcherServlet - Detected org.springframework.web.servlet.view.DefaultRequestToViewNameTranslator@124d02b2
2026-01-01 13:24:36 [main] DEBUG o.s.web.servlet.DispatcherServlet - Detected org.springframework.web.servlet.support.SessionFlashMapManager@3451f01d
2026-01-01 13:24:36 [main] DEBUG o.s.web.servlet.DispatcherServlet - enableLoggingRequestDetails='false': request parameters and headers will be masked to prevent unsafe logging of potentially sensitive data
2026-01-01 13:24:36 [main] INFO  o.s.web.servlet.DispatcherServlet - Completed initialization in 0 ms
2026-01-01 13:24:36 [main] INFO  o.s.b.w.e.tomcat.TomcatWebServer - Tomcat started on port 8080 (http) with context path ''
2026-01-01 13:24:36 [main] INFO  c.g.strava.StravaSpringApplication - Started StravaSpringApplication in 1.298 seconds (process running for 1.525)
2026-01-01 13:25:18 [http-nio-8080-exec-1] DEBUG o.s.web.servlet.DispatcherServlet - GET "/activities/export", parameters={}
2026-01-01 13:25:18 [http-nio-8080-exec-1] DEBUG o.s.w.s.m.m.a.RequestMappingHandlerMapping - Mapped to com.getavares.strava.StravaController#exportActivities()
2026-01-01 13:25:18 [http-nio-8080-exec-1] DEBUG o.s.w.s.m.m.a.RequestResponseBodyMethodProcessor - Using 'application/json;q=0.8', given [text/html, application/xhtml+xml, image/avif, image/webp, image/apng, application/xml;q=0.9, */*;q=0.8, application/signed-exchange;v=b3;q=0.7] and supported [application/json]
2026-01-01 13:25:18 [http-nio-8080-exec-1] DEBUG o.s.w.s.m.m.a.RequestResponseBodyMethodProcessor - Writing ["{"error":"no_token", "message": "Please authorize first at /authorize"}"]
2026-01-01 13:25:18 [http-nio-8080-exec-1] DEBUG o.s.web.servlet.DispatcherServlet - Completed 200 OK
2026-01-01 13:25:18 [http-nio-8080-exec-2] DEBUG o.s.web.servlet.DispatcherServlet - GET "/favicon.ico", parameters={}
2026-01-01 13:25:18 [http-nio-8080-exec-2] DEBUG o.s.w.s.h.SimpleUrlHandlerMapping - Mapped to ResourceHttpRequestHandler [classpath [META-INF/resources/], classpath [resources/], classpath [static/], classpath [public/], ServletContext [/]]
2026-01-01 13:25:18 [http-nio-8080-exec-2] DEBUG o.s.w.s.r.ResourceHttpRequestHandler - Resource not found
2026-01-01 13:25:18 [http-nio-8080-exec-2] DEBUG o.s.w.s.m.s.DefaultHandlerExceptionResolver - Resolved [org.springframework.web.servlet.resource.NoResourceFoundException: No static resource favicon.ico.]
2026-01-01 13:25:18 [http-nio-8080-exec-2] DEBUG o.s.web.servlet.DispatcherServlet - Completed 404 NOT_FOUND
2026-01-01 13:25:18 [http-nio-8080-exec-2] DEBUG o.s.web.servlet.DispatcherServlet - "ERROR" dispatch for GET "/error", parameters={}
2026-01-01 13:25:18 [http-nio-8080-exec-2] DEBUG o.s.w.s.m.m.a.RequestMappingHandlerMapping - Mapped to org.springframework.boot.autoconfigure.web.servlet.error.BasicErrorController#error(HttpServletRequest)
2026-01-01 13:25:19 [http-nio-8080-exec-2] DEBUG o.s.w.s.m.m.a.HttpEntityMethodProcessor - Using 'application/json;q=0.8', given [image/avif, image/webp, image/apng, image/svg+xml, image/*, */*;q=0.8] and supported [application/json, application/*+json]
2026-01-01 13:25:19 [http-nio-8080-exec-2] DEBUG o.s.w.s.m.m.a.HttpEntityMethodProcessor - Writing [{timestamp=Thu Jan 01 13:25:18 BRT 2026, status=404, error=Not Found, message=No static resource fav (truncated)...]
2026-01-01 13:25:19 [http-nio-8080-exec-2] DEBUG o.s.web.servlet.DispatcherServlet - Exiting from "ERROR" dispatch, status 404
2026-01-01 13:37:02 [http-nio-8080-exec-5] DEBUG o.s.web.servlet.DispatcherServlet - GET "/activities/export", parameters={}
2026-01-01 13:37:02 [http-nio-8080-exec-5] DEBUG o.s.w.s.m.m.a.RequestMappingHandlerMapping - Mapped to com.getavares.strava.StravaController#exportActivities()
2026-01-01 13:37:02 [http-nio-8080-exec-5] DEBUG o.s.w.s.m.m.a.RequestResponseBodyMethodProcessor - Using 'application/json', given [*/*] and supported [application/json]
2026-01-01 13:37:02 [http-nio-8080-exec-5] DEBUG o.s.w.s.m.m.a.RequestResponseBodyMethodProcessor - Writing ["{"error":"no_token", "message": "Please authorize first at /authorize"}"]
2026-01-01 13:37:02 [http-nio-8080-exec-5] DEBUG o.s.web.servlet.DispatcherServlet - Completed 200 OK
2026-01-01 13:39:10 [main] INFO  c.g.strava.StravaSpringApplication - Starting StravaSpringApplication using Java 21.0.9 with PID 26620 (C:\Users\Cliente\Desktop\JAVA\strava-connect-java-getavares\strava-spring\target\classes started by Cliente in C:\Users\Cliente\Desktop\JAVA\strava-connect-java-getavares\strava-spring)
2026-01-01 13:39:10 [main] DEBUG c.g.strava.StravaSpringApplication - Running with Spring Boot v3.2.0, Spring v6.1.1
2026-01-01 13:39:10 [main] INFO  c.g.strava.StravaSpringApplication - The following 1 profile is active: "dev"
2026-01-01 13:39:11 [main] INFO  o.s.b.w.e.tomcat.TomcatWebServer - Tomcat initialized with port 8080 (http)
2026-01-01 13:39:11 [main] INFO  o.a.catalina.core.StandardService - Starting service [Tomcat]
2026-01-01 13:39:11 [main] INFO  o.a.catalina.core.StandardEngine - Starting Servlet engine: [Apache Tomcat/10.1.16]
2026-01-01 13:39:11 [main] INFO  o.a.c.c.C.[Tomcat].[localhost].[/] - Initializing Spring embedded WebApplicationContext
2026-01-01 13:39:11 [main] INFO  o.s.b.w.s.c.ServletWebServerApplicationContext - Root WebApplicationContext: initialization completed in 601 ms
2026-01-01 13:39:11 [main] DEBUG o.s.w.s.m.m.a.RequestMappingHandlerMapping - 6 mappings in 'requestMappingHandlerMapping'
2026-01-01 13:39:11 [main] DEBUG o.s.w.s.h.SimpleUrlHandlerMapping - Patterns [/webjars/**, /**] in 'resourceHandlerMapping'
2026-01-01 13:39:11 [main] DEBUG o.s.w.s.m.m.a.RequestMappingHandlerAdapter - ControllerAdvice beans: 0 @ModelAttribute, 0 @InitBinder, 1 RequestBodyAdvice, 1 ResponseBodyAdvice
2026-01-01 13:39:11 [main] DEBUG o.s.w.s.m.m.a.ExceptionHandlerExceptionResolver - ControllerAdvice beans: 0 @ExceptionHandler, 1 ResponseBodyAdvice
2026-01-01 13:39:11 [main] INFO  o.a.c.c.C.[Tomcat].[localhost].[/] - Initializing Spring DispatcherServlet 'dispatcherServlet'
2026-01-01 13:39:11 [main] INFO  o.s.web.servlet.DispatcherServlet - Initializing Servlet 'dispatcherServlet'
2026-01-01 13:39:11 [main] DEBUG o.s.web.servlet.DispatcherServlet - Detected StandardServletMultipartResolver
2026-01-01 13:39:11 [main] DEBUG o.s.web.servlet.DispatcherServlet - Detected AcceptHeaderLocaleResolver
2026-01-01 13:39:11 [main] DEBUG o.s.web.servlet.DispatcherServlet - Detected FixedThemeResolver
2026-01-01 13:39:11 [main] DEBUG o.s.web.servlet.DispatcherServlet - Detected org.springframework.web.servlet.view.DefaultRequestToViewNameTranslator@2525a5b8
2026-01-01 13:39:11 [main] DEBUG o.s.web.servlet.DispatcherServlet - Detected org.springframework.web.servlet.support.SessionFlashMapManager@3458eca5
2026-01-01 13:39:11 [main] DEBUG o.s.web.servlet.DispatcherServlet - enableLoggingRequestDetails='false': request parameters and headers will be masked to prevent unsafe logging of potentially sensitive data
2026-01-01 13:39:11 [main] INFO  o.s.web.servlet.DispatcherServlet - Completed initialization in 1 ms
2026-01-01 13:39:11 [main] INFO  o.s.b.w.e.tomcat.TomcatWebServer - Tomcat started on port 8080 (http) with context path ''
2026-01-01 13:39:11 [main] INFO  c.g.strava.StravaSpringApplication - Started StravaSpringApplication in 1.262 seconds (process running for 1.499)
2026-01-01 13:42:02 [main] INFO  c.g.strava.StravaSpringApplication - Starting StravaSpringApplication using Java 21.0.9 with PID 9296 (C:\Users\Cliente\Desktop\JAVA\strava-connect-java-getavares\strava-spring\target\classes started by Cliente in C:\Users\Cliente\Desktop\JAVA\strava-connect-java-getavares\strava-spring)
2026-01-01 13:42:02 [main] DEBUG c.g.strava.StravaSpringApplication - Running with Spring Boot v3.2.0, Spring v6.1.1
2026-01-01 13:42:02 [main] INFO  c.g.strava.StravaSpringApplication - The following 1 profile is active: "dev"
2026-01-01 13:42:03 [main] INFO  o.s.b.w.e.tomcat.TomcatWebServer - Tomcat initialized with port 8080 (http)
2026-01-01 13:42:03 [main] INFO  o.a.catalina.core.StandardService - Starting service [Tomcat]
2026-01-01 13:42:03 [main] INFO  o.a.catalina.core.StandardEngine - Starting Servlet engine: [Apache Tomcat/10.1.16]
2026-01-01 13:42:03 [main] INFO  o.a.c.c.C.[Tomcat].[localhost].[/] - Initializing Spring embedded WebApplicationContext
2026-01-01 13:42:03 [main] INFO  o.s.b.w.s.c.ServletWebServerApplicationContext - Root WebApplicationContext: initialization completed in 612 ms
2026-01-01 13:42:03 [main] DEBUG o.s.w.s.m.m.a.RequestMappingHandlerMapping - 6 mappings in 'requestMappingHandlerMapping'
2026-01-01 13:42:03 [main] DEBUG o.s.w.s.h.SimpleUrlHandlerMapping - Patterns [/webjars/**, /**] in 'resourceHandlerMapping'
2026-01-01 13:42:03 [main] DEBUG o.s.w.s.m.m.a.RequestMappingHandlerAdapter - ControllerAdvice beans: 0 @ModelAttribute, 0 @InitBinder, 1 RequestBodyAdvice, 1 ResponseBodyAdvice
2026-01-01 13:42:03 [main] DEBUG o.s.w.s.m.m.a.ExceptionHandlerExceptionResolver - ControllerAdvice beans: 0 @ExceptionHandler, 1 ResponseBodyAdvice
2026-01-01 13:42:03 [main] INFO  o.a.c.c.C.[Tomcat].[localhost].[/] - Initializing Spring DispatcherServlet 'dispatcherServlet'
2026-01-01 13:42:03 [main] INFO  o.s.web.servlet.DispatcherServlet - Initializing Servlet 'dispatcherServlet'
2026-01-01 13:42:03 [main] DEBUG o.s.web.servlet.DispatcherServlet - Detected StandardServletMultipartResolver
2026-01-01 13:42:03 [main] DEBUG o.s.web.servlet.DispatcherServlet - Detected AcceptHeaderLocaleResolver
2026-01-01 13:42:03 [main] DEBUG o.s.web.servlet.DispatcherServlet - Detected FixedThemeResolver
2026-01-01 13:42:03 [main] DEBUG o.s.web.servlet.DispatcherServlet - Detected org.springframework.web.servlet.view.DefaultRequestToViewNameTranslator@44fdce3c
2026-01-01 13:42:03 [main] DEBUG o.s.web.servlet.DispatcherServlet - Detected org.springframework.web.servlet.support.SessionFlashMapManager@712c5463
2026-01-01 13:42:03 [main] DEBUG o.s.web.servlet.DispatcherServlet - enableLoggingRequestDetails='false': request parameters and headers will be masked to prevent unsafe logging of potentially sensitive data
2026-01-01 13:42:03 [main] INFO  o.s.web.servlet.DispatcherServlet - Completed initialization in 1 ms
2026-01-01 13:42:03 [main] INFO  o.s.b.w.e.tomcat.TomcatWebServer - Tomcat started on port 8080 (http) with context path ''
2026-01-01 13:42:03 [main] INFO  c.g.strava.StravaSpringApplication - Started StravaSpringApplication in 1.294 seconds (process running for 1.541)
2026-01-01 13:42:08 [http-nio-8080-exec-2] DEBUG o.s.web.servlet.DispatcherServlet - GET "/activities/export", parameters={}
2026-01-01 13:42:08 [http-nio-8080-exec-2] DEBUG o.s.w.s.m.m.a.RequestMappingHandlerMapping - Mapped to com.getavares.strava.StravaController#exportActivities()
2026-01-01 13:42:08 [http-nio-8080-exec-2] DEBUG o.s.w.s.m.m.a.RequestResponseBodyMethodProcessor - Using 'application/json', given [*/*] and supported [application/json]
2026-01-01 13:42:08 [http-nio-8080-exec-2] DEBUG o.s.w.s.m.m.a.RequestResponseBodyMethodProcessor - Writing ["{"error":"api_error", "status": 401, "body": "{\"message\":\"Authorization Error\",\"errors\":[{\"re (truncated)..."]
2026-01-01 13:42:08 [http-nio-8080-exec-2] DEBUG o.s.web.servlet.DispatcherServlet - Completed 200 OK
2026-01-01T13:47:29.333-03:00  INFO 22524 --- [strava-spring] [main] c.g.strava.StravaSpringApplication       : Starting StravaSpringApplication using Java 21.0.9 with PID 22524 (C:\Users\Cliente\Desktop\JAVA\strava-connect-java-getavares\strava-spring\target\classes started by Cliente in C:\Users\Cliente\Desktop\JAVA\strava-connect-java-getavares\strava-spring)
2026-01-01T13:47:29.334-03:00 DEBUG 22524 --- [strava-spring] [main] c.g.strava.StravaSpringApplication       : Running with Spring Boot v3.2.0, Spring v6.1.1
2026-01-01T13:47:29.334-03:00  INFO 22524 --- [strava-spring] [main] c.g.strava.StravaSpringApplication       : The following 1 profile is active: "dev"
2026-01-01T13:47:29.879-03:00  INFO 22524 --- [strava-spring] [main] o.s.b.w.embedded.tomcat.TomcatWebServer  : Tomcat initialized with port 8080 (http)
2026-01-01T13:47:29.886-03:00  INFO 22524 --- [strava-spring] [main] o.apache.catalina.core.StandardService   : Starting service [Tomcat]
2026-01-01T13:47:29.886-03:00  INFO 22524 --- [strava-spring] [main] o.apache.catalina.core.StandardEngine    : Starting Servlet engine: [Apache Tomcat/10.1.16]
2026-01-01T13:47:29.924-03:00  INFO 22524 --- [strava-spring] [main] o.a.c.c.C.[Tomcat].[localhost].[/]       : Initializing Spring embedded WebApplicationContext
2026-01-01T13:47:29.925-03:00  INFO 22524 --- [strava-spring] [main] w.s.c.ServletWebServerApplicationContext : Root WebApplicationContext: initialization completed in 565 ms
2026-01-01T13:47:30.166-03:00 DEBUG 22524 --- [strava-spring] [main] s.w.s.m.m.a.RequestMappingHandlerMapping : 6 mappings in 'requestMappingHandlerMapping'
2026-01-01T13:47:30.181-03:00 DEBUG 22524 --- [strava-spring] [main] o.s.w.s.handler.SimpleUrlHandlerMapping  : Patterns [/webjars/**, /**] in 'resourceHandlerMapping'
2026-01-01T13:47:30.195-03:00 DEBUG 22524 --- [strava-spring] [main] s.w.s.m.m.a.RequestMappingHandlerAdapter : ControllerAdvice beans: 0 @ModelAttribute, 0 @InitBinder, 1 RequestBodyAdvice, 1 ResponseBodyAdvice
2026-01-01T13:47:30.214-03:00 DEBUG 22524 --- [strava-spring] [main] .m.m.a.ExceptionHandlerExceptionResolver : ControllerAdvice beans: 0 @ExceptionHandler, 1 ResponseBodyAdvice
2026-01-01T13:47:30.259-03:00  INFO 22524 --- [strava-spring] [main] o.s.b.w.embedded.tomcat.TomcatWebServer  : Tomcat started on port 8080 (http) with context path ''
2026-01-01T13:47:30.263-03:00  INFO 22524 --- [strava-spring] [main] c.g.strava.StravaSpringApplication       : Started StravaSpringApplication in 1.199 seconds (process running for 1.409)
2026-01-01T13:47:41.540-03:00  INFO 22524 --- [strava-spring] [http-nio-8080-exec-1] o.a.c.c.C.[Tomcat].[localhost].[/]       : Initializing Spring DispatcherServlet 'dispatcherServlet'
2026-01-01T13:47:41.540-03:00  INFO 22524 --- [strava-spring] [http-nio-8080-exec-1] o.s.web.servlet.DispatcherServlet        : Initializing Servlet 'dispatcherServlet'
2026-01-01T13:47:41.541-03:00 DEBUG 22524 --- [strava-spring] [http-nio-8080-exec-1] o.s.web.servlet.DispatcherServlet        : Detected StandardServletMultipartResolver
2026-01-01T13:47:41.541-03:00 DEBUG 22524 --- [strava-spring] [http-nio-8080-exec-1] o.s.web.servlet.DispatcherServlet        : Detected AcceptHeaderLocaleResolver
2026-01-01T13:47:41.541-03:00 DEBUG 22524 --- [strava-spring] [http-nio-8080-exec-1] o.s.web.servlet.DispatcherServlet        : Detected FixedThemeResolver
2026-01-01T13:47:41.541-03:00 DEBUG 22524 --- [strava-spring] [http-nio-8080-exec-1] o.s.web.servlet.DispatcherServlet        : Detected org.springframework.web.servlet.view.DefaultRequestToViewNameTranslator@4e1a96ed
2026-01-01T13:47:41.541-03:00 DEBUG 22524 --- [strava-spring] [http-nio-8080-exec-1] o.s.web.servlet.DispatcherServlet        : Detected org.springframework.web.servlet.support.SessionFlashMapManager@1d46a68c
2026-01-01T13:47:41.541-03:00 DEBUG 22524 --- [strava-spring] [http-nio-8080-exec-1] o.s.web.servlet.DispatcherServlet        : enableLoggingRequestDetails='false': request parameters and headers will be masked to prevent unsafe logging of potentially sensitive data
2026-01-01T13:47:41.542-03:00  INFO 22524 --- [strava-spring] [http-nio-8080-exec-1] o.s.web.servlet.DispatcherServlet        : Completed initialization in 2 ms
2026-01-01T13:47:41.547-03:00 DEBUG 22524 --- [strava-spring] [http-nio-8080-exec-1] o.s.web.servlet.DispatcherServlet        : GET "/authorize", parameters={}
2026-01-01T13:47:41.554-03:00 DEBUG 22524 --- [strava-spring] [http-nio-8080-exec-1] s.w.s.m.m.a.RequestMappingHandlerMapping : Mapped to com.getavares.strava.StravaController#authorize()
2026-01-01T13:47:41.565-03:00 DEBUG 22524 --- [strava-spring] [http-nio-8080-exec-1] m.m.a.RequestResponseBodyMethodProcessor : Using 'text/html', given [text/html, application/xhtml+xml, image/avif, image/webp, image/apng, application/xml;q=0.9, */*;q=0.8, application/signed-exchange;v=b3;q=0.7] and supported [text/plain, */*, application/json, application/*+json]
2026-01-01T13:47:41.566-03:00 DEBUG 22524 --- [strava-spring] [http-nio-8080-exec-1] m.m.a.RequestResponseBodyMethodProcessor : Writing ["<html><body><a href="https://www.strava.com/oauth/authorize?client_id=181788&response_type=code&redi (truncated)..."]
2026-01-01T13:47:41.570-03:00 DEBUG 22524 --- [strava-spring] [http-nio-8080-exec-1] o.s.web.servlet.DispatcherServlet        : Completed 200 OK
2026-01-01T13:47:54.708-03:00 DEBUG 22524 --- [strava-spring] [http-nio-8080-exec-5] o.s.web.servlet.DispatcherServlet        : GET "/callback?state=&code=a17cf2c01f0ad52ed32c6184e77b30af063cd8d8&scope=read,activity:read_all,profile:read_all", parameters={masked}
2026-01-01T13:47:54.708-03:00 DEBUG 22524 --- [strava-spring] [http-nio-8080-exec-5] s.w.s.m.m.a.RequestMappingHandlerMapping : Mapped to com.getavares.strava.StravaController#callback(String)
2026-01-01T13:47:55.125-03:00 DEBUG 22524 --- [strava-spring] [http-nio-8080-exec-5] m.m.a.RequestResponseBodyMethodProcessor : Using 'text/html', given [text/html, application/xhtml+xml, image/avif, image/webp, image/apng, application/xml;q=0.9, */*;q=0.8, application/signed-exchange;v=b3;q=0.7] and supported [text/plain, */*, application/json, application/*+json]
2026-01-01T13:47:55.125-03:00 DEBUG 22524 --- [strava-spring] [http-nio-8080-exec-5] m.m.a.RequestResponseBodyMethodProcessor : Writing ["Token armazenado com sucesso! Você pode acessar /activities/export"]
2026-01-01T13:47:55.126-03:00 DEBUG 22524 --- [strava-spring] [http-nio-8080-exec-5] o.s.web.servlet.DispatcherServlet        : Completed 200 OK
2026-01-01T13:48:23.518-03:00 DEBUG 22524 --- [strava-spring] [http-nio-8080-exec-2] o.s.web.servlet.DispatcherServlet        : GET "/activities/export", parameters={}
2026-01-01T13:48:23.518-03:00 DEBUG 22524 --- [strava-spring] [http-nio-8080-exec-2] s.w.s.m.m.a.RequestMappingHandlerMapping : Mapped to com.getavares.strava.StravaController#exportActivities()
2026-01-01T13:48:25.004-03:00 DEBUG 22524 --- [strava-spring] [http-nio-8080-exec-2] m.m.a.RequestResponseBodyMethodProcessor : Using 'application/json', given [*/*] and supported [application/json]
2026-01-01T13:48:25.005-03:00 DEBUG 22524 --- [strava-spring] [http-nio-8080-exec-2] m.m.a.RequestResponseBodyMethodProcessor : Writing ["[{"id":16895635372,"name":"10K Zwift- [2025 Portal -FIM]  16(4'/i1'30\") ((129.25))","type":"Virtual (truncated)..."]
2026-01-01T13:48:25.007-03:00 DEBUG 22524 --- [strava-spring] [http-nio-8080-exec-2] o.s.web.servlet.DispatcherServlet        : Completed 200 OK
2026-01-01T13:50:25.324-03:00 DEBUG 22524 --- [strava-spring] [http-nio-8080-exec-7] o.s.web.servlet.DispatcherServlet        : GET "/activities/export", parameters={}
2026-01-01T13:50:25.325-03:00 DEBUG 22524 --- [strava-spring] [http-nio-8080-exec-7] s.w.s.m.m.a.RequestMappingHandlerMapping : Mapped to com.getavares.strava.StravaController#exportActivities()
2026-01-01T13:50:26.272-03:00 DEBUG 22524 --- [strava-spring] [http-nio-8080-exec-7] m.m.a.RequestResponseBodyMethodProcessor : Using 'application/json', given [*/*] and supported [application/json]
2026-01-01T13:50:26.272-03:00 DEBUG 22524 --- [strava-spring] [http-nio-8080-exec-7] m.m.a.RequestResponseBodyMethodProcessor : Writing ["[{"id":16895635372,"name":"10K Zwift- [2025 Portal -FIM]  16(4'/i1'30\") ((129.25))","type":"Virtual (truncated)..."]
2026-01-01T13:50:26.274-03:00 DEBUG 22524 --- [strava-spring] [http-nio-8080-exec-7] o.s.web.servlet.DispatcherServlet        : Completed 200 OK
2026-01-01T13:50:32.307-03:00 DEBUG 22524 --- [strava-spring] [http-nio-8080-exec-8] o.s.web.servlet.DispatcherServlet        : GET "/", parameters={}
2026-01-01T13:50:32.308-03:00 DEBUG 22524 --- [strava-spring] [http-nio-8080-exec-8] s.w.s.m.m.a.RequestMappingHandlerMapping : Mapped to com.getavares.strava.StravaController#home()
2026-01-01T13:50:32.308-03:00 DEBUG 22524 --- [strava-spring] [http-nio-8080-exec-8] m.m.a.RequestResponseBodyMethodProcessor : Using 'text/plain', given [*/*] and supported [text/plain, */*, application/json, application/*+json]
2026-01-01T13:50:32.308-03:00 DEBUG 22524 --- [strava-spring] [http-nio-8080-exec-8] m.m.a.RequestResponseBodyMethodProcessor : Writing ["Strava API is running! Access /authorize to start OAuth flow."]
2026-01-01T13:50:32.309-03:00 DEBUG 22524 --- [strava-spring] [http-nio-8080-exec-8] o.s.web.servlet.DispatcherServlet        : Completed 200 OK
2026-01-01T13:57:45.369-03:00 DEBUG 22524 --- [strava-spring] [http-nio-8080-exec-10] o.s.web.servlet.DispatcherServlet        : GET "/activities/export", parameters={}
2026-01-01T13:57:45.369-03:00 DEBUG 22524 --- [strava-spring] [http-nio-8080-exec-10] s.w.s.m.m.a.RequestMappingHandlerMapping : Mapped to com.getavares.strava.StravaController#exportActivities()
2026-01-01T13:57:46.258-03:00 DEBUG 22524 --- [strava-spring] [http-nio-8080-exec-10] m.m.a.RequestResponseBodyMethodProcessor : Using 'application/json', given [*/*] and supported [application/json]
2026-01-01T13:57:46.259-03:00 DEBUG 22524 --- [strava-spring] [http-nio-8080-exec-10] m.m.a.RequestResponseBodyMethodProcessor : Writing ["[{"id":16895635372,"name":"10K Zwift- [2025 Portal -FIM]  16(4'/i1'30\") ((129.25))","type":"Virtual (truncated)..."]
2026-01-01T13:57:46.261-03:00 DEBUG 22524 --- [strava-spring] [http-nio-8080-exec-10] o.s.web.servlet.DispatcherServlet        : Completed 200 OK
2026-01-01T14:13:46.971-03:00 DEBUG 22524 --- [strava-spring] [http-nio-8080-exec-5] o.s.web.servlet.DispatcherServlet        : GET "/activities/export", parameters={}
2026-01-01T14:13:46.972-03:00 DEBUG 22524 --- [strava-spring] [http-nio-8080-exec-5] s.w.s.m.m.a.RequestMappingHandlerMapping : Mapped to com.getavares.strava.StravaController#exportActivities()
2026-01-01T14:13:48.320-03:00 DEBUG 22524 --- [strava-spring] [http-nio-8080-exec-5] m.m.a.RequestResponseBodyMethodProcessor : Using 'application/json', given [*/*] and supported [application/json]
2026-01-01T14:13:48.320-03:00 DEBUG 22524 --- [strava-spring] [http-nio-8080-exec-5] m.m.a.RequestResponseBodyMethodProcessor : Writing ["[{"id":16895635372,"name":"10K Zwift- [2025 Portal -FIM]  16(4'/i1'30\") ((129.25))","type":"Virtual (truncated)..."]
2026-01-01T14:13:48.322-03:00 DEBUG 22524 --- [strava-spring] [http-nio-8080-exec-5] o.s.web.servlet.DispatcherServlet        : Completed 200 OK
2026-01-01T14:16:35.805-03:00 DEBUG 22524 --- [strava-spring] [http-nio-8080-exec-3] o.s.web.servlet.DispatcherServlet        : GET "/activities/export", parameters={}
2026-01-01T14:16:35.806-03:00 DEBUG 22524 --- [strava-spring] [http-nio-8080-exec-3] s.w.s.m.m.a.RequestMappingHandlerMapping : Mapped to com.getavares.strava.StravaController#exportActivities()
2026-01-01T14:16:36.624-03:00 DEBUG 22524 --- [strava-spring] [http-nio-8080-exec-3] m.m.a.RequestResponseBodyMethodProcessor : Using 'application/json', given [*/*] and supported [application/json]
2026-01-01T14:16:36.625-03:00 DEBUG 22524 --- [strava-spring] [http-nio-8080-exec-3] m.m.a.RequestResponseBodyMethodProcessor : Writing ["[{"id":16895635372,"name":"10K Zwift- [2025 Portal -FIM]  16(4'/i1'30\") ((129.25))","type":"Virtual (truncated)..."]
2026-01-01T14:16:36.625-03:00 DEBUG 22524 --- [strava-spring] [http-nio-8080-exec-3] o.s.web.servlet.DispatcherServlet        : Completed 200 OK
2026-01-01T14:18:34.339-03:00 DEBUG 22524 --- [strava-spring] [http-nio-8080-exec-6] o.s.web.servlet.DispatcherServlet        : GET "/activities/export", parameters={}
2026-01-01T14:18:34.340-03:00 DEBUG 22524 --- [strava-spring] [http-nio-8080-exec-6] s.w.s.m.m.a.RequestMappingHandlerMapping : Mapped to com.getavares.strava.StravaController#exportActivities()
2026-01-01T14:18:35.186-03:00 DEBUG 22524 --- [strava-spring] [http-nio-8080-exec-6] m.m.a.RequestResponseBodyMethodProcessor : Using 'application/json', given [*/*] and supported [application/json]
2026-01-01T14:18:35.186-03:00 DEBUG 22524 --- [strava-spring] [http-nio-8080-exec-6] m.m.a.RequestResponseBodyMethodProcessor : Writing ["[{"id":16895635372,"name":"10K Zwift- [2025 Portal -FIM]  16(4'/i1'30\") ((129.25))","type":"Virtual (truncated)..."]
2026-01-01T14:18:35.187-03:00 DEBUG 22524 --- [strava-spring] [http-nio-8080-exec-6] o.s.web.servlet.DispatcherServlet        : Completed 200 OK
2026-01-01T14:23:43.837-03:00 DEBUG 22524 --- [strava-spring] [http-nio-8080-exec-8] o.s.web.servlet.DispatcherServlet        : GET "/activities/export", parameters={}
2026-01-01T14:23:43.838-03:00 DEBUG 22524 --- [strava-spring] [http-nio-8080-exec-8] s.w.s.m.m.a.RequestMappingHandlerMapping : Mapped to com.getavares.strava.StravaController#exportActivities()
2026-01-01T14:23:44.944-03:00 DEBUG 22524 --- [strava-spring] [http-nio-8080-exec-8] m.m.a.RequestResponseBodyMethodProcessor : Using 'application/json', given [*/*] and supported [application/json]
2026-01-01T14:23:44.945-03:00 DEBUG 22524 --- [strava-spring] [http-nio-8080-exec-8] m.m.a.RequestResponseBodyMethodProcessor : Writing ["[{"id":16895635372,"name":"10K Zwift- [2025 Portal -FIM]  16(4'/i1'30\") ((129.25))","type":"Virtual (truncated)..."]
2026-01-01T14:23:44.945-03:00 DEBUG 22524 --- [strava-spring] [http-nio-8080-exec-8] o.s.web.servlet.DispatcherServlet        : Completed 200 OK
2026-01-01T14:23:52.162-03:00 DEBUG 22524 --- [strava-spring] [http-nio-8080-exec-9] o.s.web.servlet.DispatcherServlet        : GET "/", parameters={}
2026-01-01T14:23:52.163-03:00 DEBUG 22524 --- [strava-spring] [http-nio-8080-exec-9] s.w.s.m.m.a.RequestMappingHandlerMapping : Mapped to com.getavares.strava.StravaController#home()
2026-01-01T14:23:52.163-03:00 DEBUG 22524 --- [strava-spring] [http-nio-8080-exec-9] m.m.a.RequestResponseBodyMethodProcessor : Using 'text/plain', given [*/*] and supported [text/plain, */*, application/json, application/*+json]
2026-01-01T14:23:52.163-03:00 DEBUG 22524 --- [strava-spring] [http-nio-8080-exec-9] m.m.a.RequestResponseBodyMethodProcessor : Writing ["Strava API is running! Access /authorize to start OAuth flow."]
2026-01-01T14:23:52.164-03:00 DEBUG 22524 --- [strava-spring] [http-nio-8080-exec-9] o.s.web.servlet.DispatcherServlet        : Completed 200 OK
2026-01-01T14:24:00.232-03:00 DEBUG 22524 --- [strava-spring] [http-nio-8080-exec-10] o.s.web.servlet.DispatcherServlet        : GET "/activities/export", parameters={}
2026-01-01T14:24:00.232-03:00 DEBUG 22524 --- [strava-spring] [http-nio-8080-exec-10] s.w.s.m.m.a.RequestMappingHandlerMapping : Mapped to com.getavares.strava.StravaController#exportActivities()
2026-01-01T14:24:00.917-03:00 DEBUG 22524 --- [strava-spring] [http-nio-8080-exec-10] m.m.a.RequestResponseBodyMethodProcessor : Using 'application/json', given [*/*] and supported [application/json]
2026-01-01T14:24:00.917-03:00 DEBUG 22524 --- [strava-spring] [http-nio-8080-exec-10] m.m.a.RequestResponseBodyMethodProcessor : Writing ["[{"id":16895635372,"name":"10K Zwift- [2025 Portal -FIM]  16(4'/i1'30\") ((129.25))","type":"Virtual (truncated)..."]
2026-01-01T14:24:00.918-03:00 DEBUG 22524 --- [strava-spring] [http-nio-8080-exec-10] o.s.web.servlet.DispatcherServlet        : Completed 200 OK
2026-01-01T14:24:50.576-03:00 DEBUG 22524 --- [strava-spring] [http-nio-8080-exec-1] o.s.web.servlet.DispatcherServlet        : GET "/activities/export", parameters={}
2026-01-01T14:24:50.577-03:00 DEBUG 22524 --- [strava-spring] [http-nio-8080-exec-1] s.w.s.m.m.a.RequestMappingHandlerMapping : Mapped to com.getavares.strava.StravaController#exportActivities()
2026-01-01T14:24:51.617-03:00 DEBUG 22524 --- [strava-spring] [http-nio-8080-exec-1] m.m.a.RequestResponseBodyMethodProcessor : Using 'application/json', given [*/*] and supported [application/json]
2026-01-01T14:24:51.618-03:00 DEBUG 22524 --- [strava-spring] [http-nio-8080-exec-1] m.m.a.RequestResponseBodyMethodProcessor : Writing ["[{"id":16895635372,"name":"10K Zwift- [2025 Portal -FIM]  16(4'/i1'30\") ((129.25))","type":"Virtual (truncated)..."]
2026-01-01T14:24:51.618-03:00 DEBUG 22524 --- [strava-spring] [http-nio-8080-exec-1] o.s.web.servlet.DispatcherServlet        : Completed 200 OK
2026-01-01T14:26:13.963-03:00 DEBUG 22524 --- [strava-spring] [http-nio-8080-exec-2] o.s.web.servlet.DispatcherServlet        : GET "/activities/export", parameters={}
2026-01-01T14:26:13.964-03:00 DEBUG 22524 --- [strava-spring] [http-nio-8080-exec-2] s.w.s.m.m.a.RequestMappingHandlerMapping : Mapped to com.getavares.strava.StravaController#exportActivities()
2026-01-01T14:26:14.474-03:00 DEBUG 22524 --- [strava-spring] [http-nio-8080-exec-2] m.m.a.RequestResponseBodyMethodProcessor : Using 'application/json', given [*/*] and supported [application/json]
2026-01-01T14:26:14.474-03:00 DEBUG 22524 --- [strava-spring] [http-nio-8080-exec-2] m.m.a.RequestResponseBodyMethodProcessor : Writing ["[{"id":16895635372,"name":"10K Zwift- [2025 Portal -FIM]  16(4'/i1'30\") ((129.25))","type":"Virtual (truncated)..."]
2026-01-01T14:26:14.475-03:00 DEBUG 22524 --- [strava-spring] [http-nio-8080-exec-2] o.s.web.servlet.DispatcherServlet        : Completed 200 OK
2026-01-01T14:27:29.738-03:00 DEBUG 22524 --- [strava-spring] [http-nio-8080-exec-4] o.s.web.servlet.DispatcherServlet        : GET "/activities/export", parameters={}
2026-01-01T14:27:29.738-03:00 DEBUG 22524 --- [strava-spring] [http-nio-8080-exec-4] s.w.s.m.m.a.RequestMappingHandlerMapping : Mapped to com.getavares.strava.StravaController#exportActivities()
2026-01-01T14:27:30.685-03:00 DEBUG 22524 --- [strava-spring] [http-nio-8080-exec-4] m.m.a.RequestResponseBodyMethodProcessor : Using 'application/json', given [*/*] and supported [application/json]
2026-01-01T14:27:30.685-03:00 DEBUG 22524 --- [strava-spring] [http-nio-8080-exec-4] m.m.a.RequestResponseBodyMethodProcessor : Writing ["[{"id":16895635372,"name":"10K Zwift- [2025 Portal -FIM]  16(4'/i1'30\") ((129.25))","type":"Virtual (truncated)..."]
2026-01-01T14:27:30.685-03:00 DEBUG 22524 --- [strava-spring] [http-nio-8080-exec-4] o.s.web.servlet.DispatcherServlet        : Completed 200 OK
2026-01-01T14:29:35.994-03:00 DEBUG 22524 --- [strava-spring] [http-nio-8080-exec-7] o.s.web.servlet.DispatcherServlet        : GET "/activities/export", parameters={}
2026-01-01T14:29:35.996-03:00 DEBUG 22524 --- [strava-spring] [http-nio-8080-exec-7] s.w.s.m.m.a.RequestMappingHandlerMapping : Mapped to com.getavares.strava.StravaController#exportActivities()
2026-01-01T14:29:36.567-03:00 DEBUG 22524 --- [strava-spring] [http-nio-8080-exec-7] m.m.a.RequestResponseBodyMethodProcessor : Using 'application/json', given [*/*] and supported [application/json]
2026-01-01T14:29:36.567-03:00 DEBUG 22524 --- [strava-spring] [http-nio-8080-exec-7] m.m.a.RequestResponseBodyMethodProcessor : Writing ["[{"id":16895635372,"name":"10K Zwift- [2025 Portal -FIM]  16(4'/i1'30\") ((129.25))","type":"Virtual (truncated)..."]
2026-01-01T14:29:36.568-03:00 DEBUG 22524 --- [strava-spring] [http-nio-8080-exec-7] o.s.web.servlet.DispatcherServlet        : Completed 200 OK
2026-01-01T14:59:58.893-03:00  INFO 20584 --- [strava-spring] [main] c.g.strava.StravaSpringApplication       : Starting StravaSpringApplication using Java 21.0.9 with PID 20584 (C:\Users\Cliente\Desktop\JAVA\strava-connect-java-getavares\strava-spring\target\classes started by Cliente in C:\Users\Cliente\Desktop\JAVA\strava-connect-java-getavares\strava-spring)
2026-01-01T14:59:58.894-03:00 DEBUG 20584 --- [strava-spring] [main] c.g.strava.StravaSpringApplication       : Running with Spring Boot v3.2.0, Spring v6.1.1
2026-01-01T14:59:58.895-03:00  INFO 20584 --- [strava-spring] [main] c.g.strava.StravaSpringApplication       : The following 1 profile is active: "dev"
2026-01-01T14:59:59.573-03:00  INFO 20584 --- [strava-spring] [main] o.s.b.w.embedded.tomcat.TomcatWebServer  : Tomcat initialized with port 8080 (http)
2026-01-01T14:59:59.582-03:00  INFO 20584 --- [strava-spring] [main] o.apache.catalina.core.StandardService   : Starting service [Tomcat]
2026-01-01T14:59:59.582-03:00  INFO 20584 --- [strava-spring] [main] o.apache.catalina.core.StandardEngine    : Starting Servlet engine: [Apache Tomcat/10.1.16]
2026-01-01T14:59:59.623-03:00  INFO 20584 --- [strava-spring] [main] o.a.c.c.C.[Tomcat].[localhost].[/]       : Initializing Spring embedded WebApplicationContext
2026-01-01T14:59:59.624-03:00  INFO 20584 --- [strava-spring] [main] w.s.c.ServletWebServerApplicationContext : Root WebApplicationContext: initialization completed in 703 ms
2026-01-01T14:59:59.900-03:00 DEBUG 20584 --- [strava-spring] [main] s.w.s.m.m.a.RequestMappingHandlerMapping : 9 mappings in 'requestMappingHandlerMapping'
2026-01-01T14:59:59.916-03:00 DEBUG 20584 --- [strava-spring] [main] o.s.w.s.handler.SimpleUrlHandlerMapping  : Patterns [/webjars/**, /**] in 'resourceHandlerMapping'
2026-01-01T14:59:59.931-03:00 DEBUG 20584 --- [strava-spring] [main] s.w.s.m.m.a.RequestMappingHandlerAdapter : ControllerAdvice beans: 0 @ModelAttribute, 0 @InitBinder, 1 RequestBodyAdvice, 1 ResponseBodyAdvice
2026-01-01T14:59:59.956-03:00 DEBUG 20584 --- [strava-spring] [main] .m.m.a.ExceptionHandlerExceptionResolver : ControllerAdvice beans: 0 @ExceptionHandler, 1 ResponseBodyAdvice
2026-01-01T15:00:00.005-03:00  INFO 20584 --- [strava-spring] [main] o.s.b.w.embedded.tomcat.TomcatWebServer  : Tomcat started on port 8080 (http) with context path ''
2026-01-01T15:00:00.009-03:00  INFO 20584 --- [strava-spring] [main] c.g.strava.StravaSpringApplication       : Started StravaSpringApplication in 1.407 seconds (process running for 1.643)
2026-01-01T15:02:01.766-03:00  INFO 20584 --- [strava-spring] [http-nio-8080-exec-1] o.a.c.c.C.[Tomcat].[localhost].[/]       : Initializing Spring DispatcherServlet 'dispatcherServlet'
2026-01-01T15:02:01.766-03:00  INFO 20584 --- [strava-spring] [http-nio-8080-exec-1] o.s.web.servlet.DispatcherServlet        : Initializing Servlet 'dispatcherServlet'
2026-01-01T15:02:01.766-03:00 DEBUG 20584 --- [strava-spring] [http-nio-8080-exec-1] o.s.web.servlet.DispatcherServlet        : Detected StandardServletMultipartResolver
2026-01-01T15:02:01.767-03:00 DEBUG 20584 --- [strava-spring] [http-nio-8080-exec-1] o.s.web.servlet.DispatcherServlet        : Detected AcceptHeaderLocaleResolver
2026-01-01T15:02:01.767-03:00 DEBUG 20584 --- [strava-spring] [http-nio-8080-exec-1] o.s.web.servlet.DispatcherServlet        : Detected FixedThemeResolver
2026-01-01T15:02:01.767-03:00 DEBUG 20584 --- [strava-spring] [http-nio-8080-exec-1] o.s.web.servlet.DispatcherServlet        : Detected org.springframework.web.servlet.view.DefaultRequestToViewNameTranslator@c6d664f
2026-01-01T15:02:01.767-03:00 DEBUG 20584 --- [strava-spring] [http-nio-8080-exec-1] o.s.web.servlet.DispatcherServlet        : Detected org.springframework.web.servlet.support.SessionFlashMapManager@4133ecef
2026-01-01T15:02:01.768-03:00 DEBUG 20584 --- [strava-spring] [http-nio-8080-exec-1] o.s.web.servlet.DispatcherServlet        : enableLoggingRequestDetails='false': request parameters and headers will be masked to prevent unsafe logging of potentially sensitive data
2026-01-01T15:02:01.768-03:00  INFO 20584 --- [strava-spring] [http-nio-8080-exec-1] o.s.web.servlet.DispatcherServlet        : Completed initialization in 2 ms
2026-01-01T15:02:01.774-03:00 DEBUG 20584 --- [strava-spring] [http-nio-8080-exec-1] o.s.web.servlet.DispatcherServlet        : GET "/activities/export", parameters={}
2026-01-01T15:02:01.782-03:00 DEBUG 20584 --- [strava-spring] [http-nio-8080-exec-1] s.w.s.m.m.a.RequestMappingHandlerMapping : Mapped to com.getavares.strava.StravaController#exportActivities()
2026-01-01T15:02:03.518-03:00 DEBUG 20584 --- [strava-spring] [http-nio-8080-exec-1] m.m.a.RequestResponseBodyMethodProcessor : Using 'application/json', given [*/*] and supported [application/json]
2026-01-01T15:02:03.520-03:00 DEBUG 20584 --- [strava-spring] [http-nio-8080-exec-1] m.m.a.RequestResponseBodyMethodProcessor : Writing ["[{"id":16895635372,"name":"10K Zwift- [2025 Portal -FIM]  16(4'/i1'30\") ((129.25))","type":"Virtual (truncated)..."]
2026-01-01T15:02:03.526-03:00 DEBUG 20584 --- [strava-spring] [http-nio-8080-exec-1] o.s.web.servlet.DispatcherServlet        : Completed 200 OK
2026-01-01T15:02:58.891-03:00 DEBUG 20584 --- [strava-spring] [http-nio-8080-exec-3] o.s.web.servlet.DispatcherServlet        : GET "/activities/export", parameters={}
2026-01-01T15:02:58.892-03:00 DEBUG 20584 --- [strava-spring] [http-nio-8080-exec-3] s.w.s.m.m.a.RequestMappingHandlerMapping : Mapped to com.getavares.strava.StravaController#exportActivities()
2026-01-01T15:02:59.767-03:00 DEBUG 20584 --- [strava-spring] [http-nio-8080-exec-3] m.m.a.RequestResponseBodyMethodProcessor : Using 'application/json', given [*/*] and supported [application/json]
2026-01-01T15:02:59.768-03:00 DEBUG 20584 --- [strava-spring] [http-nio-8080-exec-3] m.m.a.RequestResponseBodyMethodProcessor : Writing ["[{"id":16895635372,"name":"10K Zwift- [2025 Portal -FIM]  16(4'/i1'30\") ((129.25))","type":"Virtual (truncated)..."]
2026-01-01T15:02:59.769-03:00 DEBUG 20584 --- [strava-spring] [http-nio-8080-exec-3] o.s.web.servlet.DispatcherServlet        : Completed 200 OK
2026-01-01T15:07:18.472-03:00  INFO 25744 --- [strava-spring] [main] c.g.strava.StravaSpringApplication       : Starting StravaSpringApplication using Java 21.0.9 with PID 25744 (C:\Users\Cliente\Desktop\JAVA\strava-connect-java-getavares\strava-spring\target\classes started by Cliente in C:\Users\Cliente\Desktop\JAVA\strava-connect-java-getavares\strava-spring)
2026-01-01T15:07:18.473-03:00 DEBUG 25744 --- [strava-spring] [main] c.g.strava.StravaSpringApplication       : Running with Spring Boot v3.2.0, Spring v6.1.1
2026-01-01T15:07:18.473-03:00  INFO 25744 --- [strava-spring] [main] c.g.strava.StravaSpringApplication       : The following 1 profile is active: "dev"
2026-01-01T15:07:19.061-03:00  INFO 25744 --- [strava-spring] [main] o.s.b.w.embedded.tomcat.TomcatWebServer  : Tomcat initialized with port 8080 (http)
2026-01-01T15:07:19.068-03:00  INFO 25744 --- [strava-spring] [main] o.apache.catalina.core.StandardService   : Starting service [Tomcat]
2026-01-01T15:07:19.068-03:00  INFO 25744 --- [strava-spring] [main] o.apache.catalina.core.StandardEngine    : Starting Servlet engine: [Apache Tomcat/10.1.16]
2026-01-01T15:07:19.113-03:00  INFO 25744 --- [strava-spring] [main] o.a.c.c.C.[Tomcat].[localhost].[/]       : Initializing Spring embedded WebApplicationContext
2026-01-01T15:07:19.113-03:00  INFO 25744 --- [strava-spring] [main] w.s.c.ServletWebServerApplicationContext : Root WebApplicationContext: initialization completed in 613 ms
2026-01-01T15:07:19.386-03:00 DEBUG 25744 --- [strava-spring] [main] s.w.s.m.m.a.RequestMappingHandlerMapping : 9 mappings in 'requestMappingHandlerMapping'
2026-01-01T15:07:19.404-03:00 DEBUG 25744 --- [strava-spring] [main] o.s.w.s.handler.SimpleUrlHandlerMapping  : Patterns [/webjars/**, /**] in 'resourceHandlerMapping'
2026-01-01T15:07:19.419-03:00 DEBUG 25744 --- [strava-spring] [main] s.w.s.m.m.a.RequestMappingHandlerAdapter : ControllerAdvice beans: 0 @ModelAttribute, 0 @InitBinder, 1 RequestBodyAdvice, 1 ResponseBodyAdvice
2026-01-01T15:07:19.440-03:00 DEBUG 25744 --- [strava-spring] [main] .m.m.a.ExceptionHandlerExceptionResolver : ControllerAdvice beans: 0 @ExceptionHandler, 1 ResponseBodyAdvice
2026-01-01T15:07:19.487-03:00  INFO 25744 --- [strava-spring] [main] o.s.b.w.embedded.tomcat.TomcatWebServer  : Tomcat started on port 8080 (http) with context path ''
2026-01-01T15:07:19.491-03:00  INFO 25744 --- [strava-spring] [main] c.g.strava.StravaSpringApplication       : Started StravaSpringApplication in 1.308 seconds (process running for 1.538)
2026-01-01T15:07:39.778-03:00  INFO 25744 --- [strava-spring] [http-nio-8080-exec-1] o.a.c.c.C.[Tomcat].[localhost].[/]       : Initializing Spring DispatcherServlet 'dispatcherServlet'
2026-01-01T15:07:39.778-03:00  INFO 25744 --- [strava-spring] [http-nio-8080-exec-1] o.s.web.servlet.DispatcherServlet        : Initializing Servlet 'dispatcherServlet'
2026-01-01T15:07:39.778-03:00 DEBUG 25744 --- [strava-spring] [http-nio-8080-exec-1] o.s.web.servlet.DispatcherServlet        : Detected StandardServletMultipartResolver
2026-01-01T15:07:39.779-03:00 DEBUG 25744 --- [strava-spring] [http-nio-8080-exec-1] o.s.web.servlet.DispatcherServlet        : Detected AcceptHeaderLocaleResolver
2026-01-01T15:07:39.779-03:00 DEBUG 25744 --- [strava-spring] [http-nio-8080-exec-1] o.s.web.servlet.DispatcherServlet        : Detected FixedThemeResolver
2026-01-01T15:07:39.779-03:00 DEBUG 25744 --- [strava-spring] [http-nio-8080-exec-1] o.s.web.servlet.DispatcherServlet        : Detected org.springframework.web.servlet.view.DefaultRequestToViewNameTranslator@6f0aea38
2026-01-01T15:07:39.779-03:00 DEBUG 25744 --- [strava-spring] [http-nio-8080-exec-1] o.s.web.servlet.DispatcherServlet        : Detected org.springframework.web.servlet.support.SessionFlashMapManager@77688b7c
2026-01-01T15:07:39.780-03:00 DEBUG 25744 --- [strava-spring] [http-nio-8080-exec-1] o.s.web.servlet.DispatcherServlet        : enableLoggingRequestDetails='false': request parameters and headers will be masked to prevent unsafe logging of potentially sensitive data
2026-01-01T15:07:39.780-03:00  INFO 25744 --- [strava-spring] [http-nio-8080-exec-1] o.s.web.servlet.DispatcherServlet        : Completed initialization in 2 ms
2026-01-01T15:07:39.784-03:00 DEBUG 25744 --- [strava-spring] [http-nio-8080-exec-1] o.s.web.servlet.DispatcherServlet        : GET "/activities/export", parameters={}
2026-01-01T15:07:39.791-03:00 DEBUG 25744 --- [strava-spring] [http-nio-8080-exec-1] s.w.s.m.m.a.RequestMappingHandlerMapping : Mapped to com.getavares.strava.StravaController#exportActivities()
2026-01-01T15:07:40.693-03:00 DEBUG 25744 --- [strava-spring] [http-nio-8080-exec-1] m.m.a.RequestResponseBodyMethodProcessor : Using 'application/json', given [*/*] and supported [application/json]
2026-01-01T15:07:40.694-03:00 DEBUG 25744 --- [strava-spring] [http-nio-8080-exec-1] m.m.a.RequestResponseBodyMethodProcessor : Writing ["[{"id":16895635372,"name":"10K Zwift- [2025 Portal -FIM]  16(4'/i1'30\") ((129.25))","type":"Virtual (truncated)..."]
2026-01-01T15:07:40.700-03:00 DEBUG 25744 --- [strava-spring] [http-nio-8080-exec-1] o.s.web.servlet.DispatcherServlet        : Completed 200 OK
2026-01-01T15:08:13.721-03:00 DEBUG 25744 --- [strava-spring] [http-nio-8080-exec-2] o.s.web.servlet.DispatcherServlet        : GET "/activities/export", parameters={}
2026-01-01T15:08:13.721-03:00 DEBUG 25744 --- [strava-spring] [http-nio-8080-exec-2] s.w.s.m.m.a.RequestMappingHandlerMapping : Mapped to com.getavares.strava.StravaController#exportActivities()
2026-01-01T15:08:14.525-03:00 DEBUG 25744 --- [strava-spring] [http-nio-8080-exec-2] m.m.a.RequestResponseBodyMethodProcessor : Using 'application/json', given [*/*] and supported [application/json]
2026-01-01T15:08:14.525-03:00 DEBUG 25744 --- [strava-spring] [http-nio-8080-exec-2] m.m.a.RequestResponseBodyMethodProcessor : Writing ["[{"id":16895635372,"name":"10K Zwift- [2025 Portal -FIM]  16(4'/i1'30\") ((129.25))","type":"Virtual (truncated)..."]
2026-01-01T15:08:14.526-03:00 DEBUG 25744 --- [strava-spring] [http-nio-8080-exec-2] o.s.web.servlet.DispatcherServlet        : Completed 200 OK
2026-01-01T15:10:17.344-03:00 DEBUG 25744 --- [strava-spring] [http-nio-8080-exec-4] o.s.web.servlet.DispatcherServlet        : GET "/activities/export", parameters={}
2026-01-01T15:10:17.345-03:00 DEBUG 25744 --- [strava-spring] [http-nio-8080-exec-4] s.w.s.m.m.a.RequestMappingHandlerMapping : Mapped to com.getavares.strava.StravaController#exportActivities()
2026-01-01T15:10:18.491-03:00 DEBUG 25744 --- [strava-spring] [http-nio-8080-exec-4] m.m.a.RequestResponseBodyMethodProcessor : Using 'application/json', given [*/*] and supported [application/json]
2026-01-01T15:10:18.492-03:00 DEBUG 25744 --- [strava-spring] [http-nio-8080-exec-4] m.m.a.RequestResponseBodyMethodProcessor : Writing ["[{"id":16895635372,"name":"10K Zwift- [2025 Portal -FIM]  16(4'/i1'30\") ((129.25))","type":"Virtual (truncated)..."]
2026-01-01T15:10:18.493-03:00 DEBUG 25744 --- [strava-spring] [http-nio-8080-exec-4] o.s.web.servlet.DispatcherServlet        : Completed 200 OK
2026-01-01T15:11:03.379-03:00 DEBUG 25744 --- [strava-spring] [http-nio-8080-exec-5] o.s.web.servlet.DispatcherServlet        : GET "/activities/export", parameters={}
2026-01-01T15:11:03.380-03:00 DEBUG 25744 --- [strava-spring] [http-nio-8080-exec-5] s.w.s.m.m.a.RequestMappingHandlerMapping : Mapped to com.getavares.strava.StravaController#exportActivities()
2026-01-01T15:11:04.136-03:00 DEBUG 25744 --- [strava-spring] [http-nio-8080-exec-5] m.m.a.RequestResponseBodyMethodProcessor : Using 'application/json', given [*/*] and supported [application/json]
2026-01-01T15:11:04.136-03:00 DEBUG 25744 --- [strava-spring] [http-nio-8080-exec-5] m.m.a.RequestResponseBodyMethodProcessor : Writing ["[{"id":16895635372,"name":"10K Zwift- [2025 Portal -FIM]  16(4'/i1'30\") ((129.25))","type":"Virtual (truncated)..."]
2026-01-01T15:11:04.137-03:00 DEBUG 25744 --- [strava-spring] [http-nio-8080-exec-5] o.s.web.servlet.DispatcherServlet        : Completed 200 OK
2026-01-01T15:11:56.501-03:00 DEBUG 25744 --- [strava-spring] [http-nio-8080-exec-6] o.s.web.servlet.DispatcherServlet        : GET "/authorize", parameters={}
2026-01-01T15:11:56.501-03:00 DEBUG 25744 --- [strava-spring] [http-nio-8080-exec-6] s.w.s.m.m.a.RequestMappingHandlerMapping : Mapped to com.getavares.strava.StravaController#authorize()
2026-01-01T15:11:56.503-03:00 DEBUG 25744 --- [strava-spring] [http-nio-8080-exec-6] m.m.a.RequestResponseBodyMethodProcessor : Using 'text/plain', given [*/*] and supported [text/plain, */*, application/json, application/*+json]
2026-01-01T15:11:56.503-03:00 DEBUG 25744 --- [strava-spring] [http-nio-8080-exec-6] m.m.a.RequestResponseBodyMethodProcessor : Writing ["<html><body><a href="https://www.strava.com/oauth/authorize?client_id=181788&response_type=code&redi (truncated)..."]
2026-01-01T15:11:56.504-03:00 DEBUG 25744 --- [strava-spring] [http-nio-8080-exec-6] o.s.web.servlet.DispatcherServlet        : Completed 200 OK
2026-01-01T15:12:13.216-03:00 DEBUG 25744 --- [strava-spring] [http-nio-8080-exec-7] o.s.web.servlet.DispatcherServlet        : GET "/", parameters={}
2026-01-01T15:12:13.216-03:00 DEBUG 25744 --- [strava-spring] [http-nio-8080-exec-7] s.w.s.m.m.a.RequestMappingHandlerMapping : Mapped to com.getavares.strava.StravaController#home()
2026-01-01T15:12:13.217-03:00 DEBUG 25744 --- [strava-spring] [http-nio-8080-exec-7] m.m.a.RequestResponseBodyMethodProcessor : Using 'text/plain', given [*/*] and supported [text/plain, */*, application/json, application/*+json]
2026-01-01T15:12:13.217-03:00 DEBUG 25744 --- [strava-spring] [http-nio-8080-exec-7] m.m.a.RequestResponseBodyMethodProcessor : Writing ["Strava API is running! Access /authorize to start OAuth flow."]
2026-01-01T15:12:13.219-03:00 DEBUG 25744 --- [strava-spring] [http-nio-8080-exec-7] o.s.web.servlet.DispatcherServlet        : Completed 200 OK
2026-01-01T15:25:22.747-03:00  INFO 26560 --- [strava-spring] [main] c.g.strava.StravaSpringApplication       : Starting StravaSpringApplication using Java 21.0.9 with PID 26560 (C:\Users\Cliente\Desktop\JAVA\strava-connect-java-getavares\strava-spring\target\classes started by Cliente in C:\Users\Cliente\Desktop\JAVA\strava-connect-java-getavares\strava-spring)
2026-01-01T15:25:22.748-03:00 DEBUG 26560 --- [strava-spring] [main] c.g.strava.StravaSpringApplication       : Running with Spring Boot v3.2.0, Spring v6.1.1
2026-01-01T15:25:22.749-03:00  INFO 26560 --- [strava-spring] [main] c.g.strava.StravaSpringApplication       : The following 1 profile is active: "dev"
2026-01-01T15:25:23.349-03:00  INFO 26560 --- [strava-spring] [main] o.s.b.w.embedded.tomcat.TomcatWebServer  : Tomcat initialized with port 8080 (http)
2026-01-01T15:25:23.357-03:00  INFO 26560 --- [strava-spring] [main] o.apache.catalina.core.StandardService   : Starting service [Tomcat]
2026-01-01T15:25:23.358-03:00  INFO 26560 --- [strava-spring] [main] o.apache.catalina.core.StandardEngine    : Starting Servlet engine: [Apache Tomcat/10.1.16]
2026-01-01T15:25:23.399-03:00  INFO 26560 --- [strava-spring] [main] o.a.c.c.C.[Tomcat].[localhost].[/]       : Initializing Spring embedded WebApplicationContext
2026-01-01T15:25:23.399-03:00  INFO 26560 --- [strava-spring] [main] w.s.c.ServletWebServerApplicationContext : Root WebApplicationContext: initialization completed in 622 ms
2026-01-01T15:25:23.660-03:00 DEBUG 26560 --- [strava-spring] [main] s.w.s.m.m.a.RequestMappingHandlerMapping : 9 mappings in 'requestMappingHandlerMapping'
2026-01-01T15:25:23.677-03:00 DEBUG 26560 --- [strava-spring] [main] o.s.w.s.handler.SimpleUrlHandlerMapping  : Patterns [/webjars/**, /**] in 'resourceHandlerMapping'
2026-01-01T15:25:23.692-03:00 DEBUG 26560 --- [strava-spring] [main] s.w.s.m.m.a.RequestMappingHandlerAdapter : ControllerAdvice beans: 0 @ModelAttribute, 0 @InitBinder, 1 RequestBodyAdvice, 1 ResponseBodyAdvice
2026-01-01T15:25:23.713-03:00 DEBUG 26560 --- [strava-spring] [main] .m.m.a.ExceptionHandlerExceptionResolver : ControllerAdvice beans: 0 @ExceptionHandler, 1 ResponseBodyAdvice
2026-01-01T15:25:23.762-03:00  INFO 26560 --- [strava-spring] [main] o.s.b.w.embedded.tomcat.TomcatWebServer  : Tomcat started on port 8080 (http) with context path ''
2026-01-01T15:25:23.767-03:00  INFO 26560 --- [strava-spring] [main] c.g.strava.StravaSpringApplication       : Started StravaSpringApplication in 1.304 seconds (process running for 1.532)
2026-01-01T15:25:40.626-03:00  INFO 26560 --- [strava-spring] [http-nio-8080-exec-1] o.a.c.c.C.[Tomcat].[localhost].[/]       : Initializing Spring DispatcherServlet 'dispatcherServlet'
2026-01-01T15:25:40.627-03:00  INFO 26560 --- [strava-spring] [http-nio-8080-exec-1] o.s.web.servlet.DispatcherServlet        : Initializing Servlet 'dispatcherServlet'
2026-01-01T15:25:40.627-03:00 DEBUG 26560 --- [strava-spring] [http-nio-8080-exec-1] o.s.web.servlet.DispatcherServlet        : Detected StandardServletMultipartResolver
2026-01-01T15:25:40.627-03:00 DEBUG 26560 --- [strava-spring] [http-nio-8080-exec-1] o.s.web.servlet.DispatcherServlet        : Detected AcceptHeaderLocaleResolver
2026-01-01T15:25:40.628-03:00 DEBUG 26560 --- [strava-spring] [http-nio-8080-exec-1] o.s.web.servlet.DispatcherServlet        : Detected FixedThemeResolver
2026-01-01T15:25:40.628-03:00 DEBUG 26560 --- [strava-spring] [http-nio-8080-exec-1] o.s.web.servlet.DispatcherServlet        : Detected org.springframework.web.servlet.view.DefaultRequestToViewNameTranslator@5cf5055b
2026-01-01T15:25:40.628-03:00 DEBUG 26560 --- [strava-spring] [http-nio-8080-exec-1] o.s.web.servlet.DispatcherServlet        : Detected org.springframework.web.servlet.support.SessionFlashMapManager@47d8614a
2026-01-01T15:25:40.628-03:00 DEBUG 26560 --- [strava-spring] [http-nio-8080-exec-1] o.s.web.servlet.DispatcherServlet        : enableLoggingRequestDetails='false': request parameters and headers will be masked to prevent unsafe logging of potentially sensitive data
2026-01-01T15:25:40.629-03:00  INFO 26560 --- [strava-spring] [http-nio-8080-exec-1] o.s.web.servlet.DispatcherServlet        : Completed initialization in 2 ms
2026-01-01T15:25:40.634-03:00 DEBUG 26560 --- [strava-spring] [http-nio-8080-exec-1] o.s.web.servlet.DispatcherServlet        : GET "/activities/export", parameters={}
2026-01-01T15:25:40.641-03:00 DEBUG 26560 --- [strava-spring] [http-nio-8080-exec-1] s.w.s.m.m.a.RequestMappingHandlerMapping : Mapped to com.getavares.strava.StravaController#exportActivities()
2026-01-01T15:25:41.918-03:00 DEBUG 26560 --- [strava-spring] [http-nio-8080-exec-1] m.m.a.RequestResponseBodyMethodProcessor : Using 'application/json', given [*/*] and supported [application/json]
2026-01-01T15:25:41.919-03:00 DEBUG 26560 --- [strava-spring] [http-nio-8080-exec-1] m.m.a.RequestResponseBodyMethodProcessor : Writing ["[{"id":16895635372,"name":"10K Zwift- [2025 Portal -FIM]  16(4'/i1'30\") ((129.25))","type":"Virtual (truncated)..."]
2026-01-01T15:25:41.925-03:00 DEBUG 26560 --- [strava-spring] [http-nio-8080-exec-1] o.s.web.servlet.DispatcherServlet        : Completed 200 OK
2026-01-01T20:36:54.856-03:00  INFO 22292 --- [strava-spring] [main] c.g.strava.StravaSpringApplication       : Starting StravaSpringApplication using Java 21.0.9 with PID 22292 (C:\Users\Cliente\Desktop\JAVA\strava-connect-java-getavares\strava-spring\target\classes started by Cliente in C:\Users\Cliente\Desktop\JAVA\strava-connect-java-getavares\strava-spring)
2026-01-01T20:36:54.857-03:00 DEBUG 22292 --- [strava-spring] [main] c.g.strava.StravaSpringApplication       : Running with Spring Boot v3.2.0, Spring v6.1.1
2026-01-01T20:36:54.857-03:00  INFO 22292 --- [strava-spring] [main] c.g.strava.StravaSpringApplication       : The following 1 profile is active: "dev"
2026-01-01T20:36:55.489-03:00  INFO 22292 --- [strava-spring] [main] o.s.b.w.embedded.tomcat.TomcatWebServer  : Tomcat initialized with port 8080 (http)
2026-01-01T20:36:55.497-03:00  INFO 22292 --- [strava-spring] [main] o.apache.catalina.core.StandardService   : Starting service [Tomcat]
2026-01-01T20:36:55.497-03:00  INFO 22292 --- [strava-spring] [main] o.apache.catalina.core.StandardEngine    : Starting Servlet engine: [Apache Tomcat/10.1.16]
2026-01-01T20:36:55.543-03:00  INFO 22292 --- [strava-spring] [main] o.a.c.c.C.[Tomcat].[localhost].[/]       : Initializing Spring embedded WebApplicationContext
2026-01-01T20:36:55.544-03:00  INFO 22292 --- [strava-spring] [main] w.s.c.ServletWebServerApplicationContext : Root WebApplicationContext: initialization completed in 657 ms
2026-01-01T20:36:55.818-03:00 DEBUG 22292 --- [strava-spring] [main] s.w.s.m.m.a.RequestMappingHandlerMapping : 9 mappings in 'requestMappingHandlerMapping'
2026-01-01T20:36:55.836-03:00 DEBUG 22292 --- [strava-spring] [main] o.s.w.s.handler.SimpleUrlHandlerMapping  : Patterns [/webjars/**, /**] in 'resourceHandlerMapping'
2026-01-01T20:36:55.851-03:00 DEBUG 22292 --- [strava-spring] [main] s.w.s.m.m.a.RequestMappingHandlerAdapter : ControllerAdvice beans: 0 @ModelAttribute, 0 @InitBinder, 1 RequestBodyAdvice, 1 ResponseBodyAdvice
2026-01-01T20:36:55.874-03:00 DEBUG 22292 --- [strava-spring] [main] .m.m.a.ExceptionHandlerExceptionResolver : ControllerAdvice beans: 0 @ExceptionHandler, 1 ResponseBodyAdvice
2026-01-01T20:36:55.923-03:00  INFO 22292 --- [strava-spring] [main] o.s.b.w.embedded.tomcat.TomcatWebServer  : Tomcat started on port 8080 (http) with context path ''
2026-01-01T20:36:55.927-03:00  INFO 22292 --- [strava-spring] [main] c.g.strava.StravaSpringApplication       : Started StravaSpringApplication in 1.383 seconds (process running for 1.641)
2026-01-01T20:38:07.343-03:00  INFO 22292 --- [strava-spring] [http-nio-8080-exec-1] o.a.c.c.C.[Tomcat].[localhost].[/]       : Initializing Spring DispatcherServlet 'dispatcherServlet'
2026-01-01T20:38:07.343-03:00  INFO 22292 --- [strava-spring] [http-nio-8080-exec-1] o.s.web.servlet.DispatcherServlet        : Initializing Servlet 'dispatcherServlet'
2026-01-01T20:38:07.343-03:00 DEBUG 22292 --- [strava-spring] [http-nio-8080-exec-1] o.s.web.servlet.DispatcherServlet        : Detected StandardServletMultipartResolver
2026-01-01T20:38:07.344-03:00 DEBUG 22292 --- [strava-spring] [http-nio-8080-exec-1] o.s.web.servlet.DispatcherServlet        : Detected AcceptHeaderLocaleResolver
2026-01-01T20:38:07.344-03:00 DEBUG 22292 --- [strava-spring] [http-nio-8080-exec-1] o.s.web.servlet.DispatcherServlet        : Detected FixedThemeResolver
2026-01-01T20:38:07.344-03:00 DEBUG 22292 --- [strava-spring] [http-nio-8080-exec-1] o.s.web.servlet.DispatcherServlet        : Detected org.springframework.web.servlet.view.DefaultRequestToViewNameTranslator@6f0aea38
2026-01-01T20:38:07.344-03:00 DEBUG 22292 --- [strava-spring] [http-nio-8080-exec-1] o.s.web.servlet.DispatcherServlet        : Detected org.springframework.web.servlet.support.SessionFlashMapManager@77688b7c
2026-01-01T20:38:07.345-03:00 DEBUG 22292 --- [strava-spring] [http-nio-8080-exec-1] o.s.web.servlet.DispatcherServlet        : enableLoggingRequestDetails='false': request parameters and headers will be masked to prevent unsafe logging of potentially sensitive data
2026-01-01T20:38:07.345-03:00  INFO 22292 --- [strava-spring] [http-nio-8080-exec-1] o.s.web.servlet.DispatcherServlet        : Completed initialization in 2 ms
2026-01-01T20:38:07.349-03:00 DEBUG 22292 --- [strava-spring] [http-nio-8080-exec-1] o.s.web.servlet.DispatcherServlet        : GET "/activities/export", parameters={}
2026-01-01T20:38:07.356-03:00 DEBUG 22292 --- [strava-spring] [http-nio-8080-exec-1] s.w.s.m.m.a.RequestMappingHandlerMapping : Mapped to com.getavares.strava.StravaController#exportActivities()
2026-01-01T20:38:07.741-03:00 DEBUG 22292 --- [strava-spring] [http-nio-8080-exec-1] m.m.a.RequestResponseBodyMethodProcessor : Using 'application/json', given [*/*] and supported [application/json]
2026-01-01T20:38:07.742-03:00 DEBUG 22292 --- [strava-spring] [http-nio-8080-exec-1] m.m.a.RequestResponseBodyMethodProcessor : Writing ["{"error":"api_error", "status": 401, "body": "{\"message\":\"Authorization Error\",\"errors\":[{\"re (truncated)..."]
2026-01-01T20:38:07.749-03:00 DEBUG 22292 --- [strava-spring] [http-nio-8080-exec-1] o.s.web.servlet.DispatcherServlet        : Completed 200 OK
2026-01-01T20:38:32.801-03:00 DEBUG 22292 --- [strava-spring] [http-nio-8080-exec-5] o.s.web.servlet.DispatcherServlet        : GET "/activities/export", parameters={}
2026-01-01T20:38:32.801-03:00 DEBUG 22292 --- [strava-spring] [http-nio-8080-exec-5] s.w.s.m.m.a.RequestMappingHandlerMapping : Mapped to com.getavares.strava.StravaController#exportActivities()
2026-01-01T20:38:32.956-03:00 DEBUG 22292 --- [strava-spring] [http-nio-8080-exec-5] m.m.a.RequestResponseBodyMethodProcessor : Using 'application/json', given [*/*] and supported [application/json]
2026-01-01T20:38:32.956-03:00 DEBUG 22292 --- [strava-spring] [http-nio-8080-exec-5] m.m.a.RequestResponseBodyMethodProcessor : Writing ["{"error":"api_error", "status": 401, "body": "{\"message\":\"Authorization Error\",\"errors\":[{\"re (truncated)..."]
2026-01-01T20:38:32.957-03:00 DEBUG 22292 --- [strava-spring] [http-nio-8080-exec-5] o.s.web.servlet.DispatcherServlet        : Completed 200 OK
2026-01-01T20:39:08.957-03:00 DEBUG 22292 --- [strava-spring] [http-nio-8080-exec-6] o.s.web.servlet.DispatcherServlet        : GET "/authorize", parameters={}
2026-01-01T20:39:08.958-03:00 DEBUG 22292 --- [strava-spring] [http-nio-8080-exec-6] s.w.s.m.m.a.RequestMappingHandlerMapping : Mapped to com.getavares.strava.StravaController#authorize()
2026-01-01T20:39:08.960-03:00 DEBUG 22292 --- [strava-spring] [http-nio-8080-exec-6] m.m.a.RequestResponseBodyMethodProcessor : Using 'text/html', given [text/html, application/xhtml+xml, image/avif, image/webp, image/apng, application/xml;q=0.9, */*;q=0.8, application/signed-exchange;v=b3;q=0.7] and supported [text/plain, */*, application/json, application/*+json]
2026-01-01T20:39:08.960-03:00 DEBUG 22292 --- [strava-spring] [http-nio-8080-exec-6] m.m.a.RequestResponseBodyMethodProcessor : Writing ["<html><body><a href="https://www.strava.com/oauth/authorize?client_id=181788&response_type=code&redi (truncated)..."]
2026-01-01T20:39:08.961-03:00 DEBUG 22292 --- [strava-spring] [http-nio-8080-exec-6] o.s.web.servlet.DispatcherServlet        : Completed 200 OK
2026-01-01T20:39:08.980-03:00 DEBUG 22292 --- [strava-spring] [http-nio-8080-exec-4] o.s.web.servlet.DispatcherServlet        : GET "/favicon.ico", parameters={}
2026-01-01T20:39:08.982-03:00 DEBUG 22292 --- [strava-spring] [http-nio-8080-exec-4] o.s.w.s.handler.SimpleUrlHandlerMapping  : Mapped to ResourceHttpRequestHandler [classpath [META-INF/resources/], classpath [resources/], classpath [static/], classpath [public/], ServletContext [/]]
2026-01-01T20:39:08.984-03:00 DEBUG 22292 --- [strava-spring] [http-nio-8080-exec-4] o.s.w.s.r.ResourceHttpRequestHandler     : Resource not found
2026-01-01T20:39:08.986-03:00 DEBUG 22292 --- [strava-spring] [http-nio-8080-exec-4] .w.s.m.s.DefaultHandlerExceptionResolver : Resolved [org.springframework.web.servlet.resource.NoResourceFoundException: No static resource favicon.ico.]
2026-01-01T20:39:08.986-03:00 DEBUG 22292 --- [strava-spring] [http-nio-8080-exec-4] o.s.web.servlet.DispatcherServlet        : Completed 404 NOT_FOUND
2026-01-01T20:39:08.989-03:00 DEBUG 22292 --- [strava-spring] [http-nio-8080-exec-4] o.s.web.servlet.DispatcherServlet        : "ERROR" dispatch for GET "/error", parameters={}
2026-01-01T20:39:08.989-03:00 DEBUG 22292 --- [strava-spring] [http-nio-8080-exec-4] s.w.s.m.m.a.RequestMappingHandlerMapping : Mapped to org.springframework.boot.autoconfigure.web.servlet.error.BasicErrorController#error(HttpServletRequest)
2026-01-01T20:39:08.994-03:00 DEBUG 22292 --- [strava-spring] [http-nio-8080-exec-4] o.s.w.s.m.m.a.HttpEntityMethodProcessor  : Using 'application/json;q=0.8', given [image/avif, image/webp, image/apng, image/svg+xml, image/*, */*;q=0.8] and supported [application/json, application/*+json]
2026-01-01T20:39:08.996-03:00 DEBUG 22292 --- [strava-spring] [http-nio-8080-exec-4] o.s.w.s.m.m.a.HttpEntityMethodProcessor  : Writing [{timestamp=Thu Jan 01 20:39:08 BRT 2026, status=404, error=Not Found, message=No static resource fav (truncated)...]
2026-01-01T20:39:09.016-03:00 DEBUG 22292 --- [strava-spring] [http-nio-8080-exec-4] o.s.web.servlet.DispatcherServlet        : Exiting from "ERROR" dispatch, status 404
2026-01-01T20:39:27.141-03:00 DEBUG 22292 --- [strava-spring] [http-nio-8080-exec-3] o.s.web.servlet.DispatcherServlet        : GET "/callback?state=&code=a641dd1be224043674f3b3ef8213cb373fcbb792&scope=read,activity:read_all,profile:read_all", parameters={masked}
2026-01-01T20:39:27.142-03:00 DEBUG 22292 --- [strava-spring] [http-nio-8080-exec-3] s.w.s.m.m.a.RequestMappingHandlerMapping : Mapped to com.getavares.strava.StravaController#callback(String)
2026-01-01T20:39:27.380-03:00 DEBUG 22292 --- [strava-spring] [http-nio-8080-exec-3] m.m.a.RequestResponseBodyMethodProcessor : Using 'text/html', given [text/html, application/xhtml+xml, image/avif, image/webp, image/apng, application/xml;q=0.9, */*;q=0.8, application/signed-exchange;v=b3;q=0.7] and supported [text/plain, */*, application/json, application/*+json]
2026-01-01T20:39:27.381-03:00 DEBUG 22292 --- [strava-spring] [http-nio-8080-exec-3] m.m.a.RequestResponseBodyMethodProcessor : Writing ["Token armazenado com sucesso! Você pode acessar /activities/export"]
2026-01-01T20:39:27.381-03:00 DEBUG 22292 --- [strava-spring] [http-nio-8080-exec-3] o.s.web.servlet.DispatcherServlet        : Completed 200 OK
2026-01-01T20:39:35.023-03:00 DEBUG 22292 --- [strava-spring] [http-nio-8080-exec-7] o.s.web.servlet.DispatcherServlet        : GET "/activities/export", parameters={}
2026-01-01T20:39:35.024-03:00 DEBUG 22292 --- [strava-spring] [http-nio-8080-exec-7] s.w.s.m.m.a.RequestMappingHandlerMapping : Mapped to com.getavares.strava.StravaController#exportActivities()
2026-01-01T20:39:36.259-03:00 DEBUG 22292 --- [strava-spring] [http-nio-8080-exec-7] m.m.a.RequestResponseBodyMethodProcessor : Using 'application/json', given [*/*] and supported [application/json]
2026-01-01T20:39:36.260-03:00 DEBUG 22292 --- [strava-spring] [http-nio-8080-exec-7] m.m.a.RequestResponseBodyMethodProcessor : Writing ["[{"id":16906528031,"name":"#1 REGENERATIVO 5K Parque RT   PRIMEIRO TREINO de 2026 ((T.C 01.26))","ty (truncated)..."]
2026-01-01T20:39:36.261-03:00 DEBUG 22292 --- [strava-spring] [http-nio-8080-exec-7] o.s.web.servlet.DispatcherServlet        : Completed 200 OK
2026-01-01T20:41:19.052-03:00 DEBUG 22292 --- [strava-spring] [http-nio-8080-exec-1] o.s.web.servlet.DispatcherServlet        : GET "/stats/custom", parameters={}
2026-01-01T20:41:19.053-03:00 DEBUG 22292 --- [strava-spring] [http-nio-8080-exec-1] s.w.s.m.m.a.RequestMappingHandlerMapping : Mapped to com.getavares.strava.StravaController#getCustomStats()
2026-01-01T20:41:20.860-03:00 DEBUG 22292 --- [strava-spring] [http-nio-8080-exec-1] m.m.a.RequestResponseBodyMethodProcessor : Using 'application/json;q=0.8', given [text/html, application/xhtml+xml, image/avif, image/webp, image/apng, application/xml;q=0.9, */*;q=0.8, application/signed-exchange;v=b3;q=0.7] and supported [application/json]
2026-01-01T20:41:20.861-03:00 DEBUG 22292 --- [strava-spring] [http-nio-8080-exec-1] m.m.a.RequestResponseBodyMethodProcessor : Writing ["{<EOL><EOL>  "titulo" : "ATIV.GE TAVARES 2025",<EOL><EOL>  "total_atividades" : 105,<EOL><EOL>  "distancia_total_km" : 299.9 (truncated)..."]
2026-01-01T20:41:20.861-03:00 DEBUG 22292 --- [strava-spring] [http-nio-8080-exec-1] o.s.web.servlet.DispatcherServlet        : Completed 200 OK
2026-01-01T20:44:43.538-03:00 DEBUG 22292 --- [strava-spring] [http-nio-8080-exec-4] o.s.web.servlet.DispatcherServlet        : GET "/stats/custom", parameters={}
2026-01-01T20:44:43.538-03:00 DEBUG 22292 --- [strava-spring] [http-nio-8080-exec-4] s.w.s.m.m.a.RequestMappingHandlerMapping : Mapped to com.getavares.strava.StravaController#getCustomStats()
2026-01-01T20:44:45.107-03:00 DEBUG 22292 --- [strava-spring] [http-nio-8080-exec-4] m.m.a.RequestResponseBodyMethodProcessor : Using 'application/json', given [*/*] and supported [application/json]
2026-01-01T20:44:45.107-03:00 DEBUG 22292 --- [strava-spring] [http-nio-8080-exec-4] m.m.a.RequestResponseBodyMethodProcessor : Writing ["{<EOL><EOL>  "titulo" : "ATIV.GE TAVARES 2025",<EOL><EOL>  "total_atividades" : 105,<EOL><EOL>  "distancia_total_km" : 299.9 (truncated)..."]
2026-01-01T20:44:45.108-03:00 DEBUG 22292 --- [strava-spring] [http-nio-8080-exec-4] o.s.web.servlet.DispatcherServlet        : Completed 200 OK
2026-01-01T20:47:15.777-03:00 DEBUG 22292 --- [strava-spring] [http-nio-8080-exec-2] o.s.web.servlet.DispatcherServlet        : GET "/stats/custom", parameters={}
2026-01-01T20:47:15.777-03:00 DEBUG 22292 --- [strava-spring] [http-nio-8080-exec-2] s.w.s.m.m.a.RequestMappingHandlerMapping : Mapped to com.getavares.strava.StravaController#getCustomStats()
2026-01-01T20:47:17.573-03:00 DEBUG 22292 --- [strava-spring] [http-nio-8080-exec-2] m.m.a.RequestResponseBodyMethodProcessor : Using 'application/json', given [*/*] and supported [application/json]
2026-01-01T20:47:17.574-03:00 DEBUG 22292 --- [strava-spring] [http-nio-8080-exec-2] m.m.a.RequestResponseBodyMethodProcessor : Writing ["{<EOL><EOL>  "titulo" : "ATIV.GE TAVARES 2025",<EOL><EOL>  "total_atividades" : 105,<EOL><EOL>  "distancia_total_km" : 299.9 (truncated)..."]
2026-01-01T20:47:17.574-03:00 DEBUG 22292 --- [strava-spring] [http-nio-8080-exec-2] o.s.web.servlet.DispatcherServlet        : Completed 200 OK
2026-01-01T20:48:59.325-03:00 DEBUG 22292 --- [strava-spring] [http-nio-8080-exec-8] o.s.web.servlet.DispatcherServlet        : GET "/stats/custom", parameters={}
2026-01-01T20:48:59.326-03:00 DEBUG 22292 --- [strava-spring] [http-nio-8080-exec-8] s.w.s.m.m.a.RequestMappingHandlerMapping : Mapped to com.getavares.strava.StravaController#getCustomStats()
2026-01-01T20:49:00.961-03:00 DEBUG 22292 --- [strava-spring] [http-nio-8080-exec-8] m.m.a.RequestResponseBodyMethodProcessor : Using 'application/json', given [*/*] and supported [application/json]
2026-01-01T20:49:00.961-03:00 DEBUG 22292 --- [strava-spring] [http-nio-8080-exec-8] m.m.a.RequestResponseBodyMethodProcessor : Writing ["{<EOL><EOL>  "titulo" : "ATIV.GE TAVARES 2025",<EOL><EOL>  "total_atividades" : 105,<EOL><EOL>  "distancia_total_km" : 299.9 (truncated)..."]
2026-01-01T20:49:00.962-03:00 DEBUG 22292 --- [strava-spring] [http-nio-8080-exec-8] o.s.web.servlet.DispatcherServlet        : Completed 200 OK
2026-01-01T20:59:35.662-03:00 DEBUG 22292 --- [strava-spring] [http-nio-8080-exec-10] o.s.web.servlet.DispatcherServlet        : GET "/activities/export", parameters={}
2026-01-01T20:59:35.663-03:00 DEBUG 22292 --- [strava-spring] [http-nio-8080-exec-10] s.w.s.m.m.a.RequestMappingHandlerMapping : Mapped to com.getavares.strava.StravaController#exportActivities()
2026-01-01T20:59:36.309-03:00 DEBUG 22292 --- [strava-spring] [http-nio-8080-exec-10] m.m.a.RequestResponseBodyMethodProcessor : Using 'application/json', given [*/*] and supported [application/json]
2026-01-01T20:59:36.309-03:00 DEBUG 22292 --- [strava-spring] [http-nio-8080-exec-10] m.m.a.RequestResponseBodyMethodProcessor : Writing ["[{"id":16906528031,"name":"#1 REGENERATIVO 5K Parque RT   PRIMEIRO TREINO de 2026 ((T.C 01.26))","ty (truncated)..."]
2026-01-01T20:59:36.310-03:00 DEBUG 22292 --- [strava-spring] [http-nio-8080-exec-10] o.s.web.servlet.DispatcherServlet        : Completed 200 OK
2026-01-01T21:00:36.682-03:00 DEBUG 22292 --- [strava-spring] [http-nio-8080-exec-1] o.s.web.servlet.DispatcherServlet        : GET "/activities/export", parameters={}
2026-01-01T21:00:36.682-03:00 DEBUG 22292 --- [strava-spring] [http-nio-8080-exec-1] s.w.s.m.m.a.RequestMappingHandlerMapping : Mapped to com.getavares.strava.StravaController#exportActivities()
2026-01-01T21:00:37.484-03:00 DEBUG 22292 --- [strava-spring] [http-nio-8080-exec-1] m.m.a.RequestResponseBodyMethodProcessor : Using 'application/json', given [*/*] and supported [application/json]
2026-01-01T21:00:37.485-03:00 DEBUG 22292 --- [strava-spring] [http-nio-8080-exec-1] m.m.a.RequestResponseBodyMethodProcessor : Writing ["[{"id":16906528031,"name":"#1 REGENERATIVO 5K Parque RT   PRIMEIRO TREINO de 2026 ((T.C 01.26))","ty (truncated)..."]
2026-01-01T21:00:37.486-03:00 DEBUG 22292 --- [strava-spring] [http-nio-8080-exec-1] o.s.web.servlet.DispatcherServlet        : Completed 200 OK
2026-01-01T21:01:35.577-03:00 DEBUG 22292 --- [strava-spring] [http-nio-8080-exec-5] o.s.web.servlet.DispatcherServlet        : GET "/activities/export", parameters={}
2026-01-01T21:01:35.578-03:00 DEBUG 22292 --- [strava-spring] [http-nio-8080-exec-5] s.w.s.m.m.a.RequestMappingHandlerMapping : Mapped to com.getavares.strava.StravaController#exportActivities()
2026-01-01T21:01:36.253-03:00 DEBUG 22292 --- [strava-spring] [http-nio-8080-exec-5] m.m.a.RequestResponseBodyMethodProcessor : Using 'application/json', given [*/*] and supported [application/json]
2026-01-01T21:01:36.254-03:00 DEBUG 22292 --- [strava-spring] [http-nio-8080-exec-5] m.m.a.RequestResponseBodyMethodProcessor : Writing ["[{"id":16906528031,"name":"#1 REGENERATIVO 5K Parque RT   PRIMEIRO TREINO de 2026 ((T.C 01.26))","ty (truncated)..."]
2026-01-01T21:01:36.255-03:00 DEBUG 22292 --- [strava-spring] [http-nio-8080-exec-5] o.s.web.servlet.DispatcherServlet        : Completed 200 OK
2026-01-01T21:04:12.407-03:00 DEBUG 22292 --- [strava-spring] [http-nio-8080-exec-4] o.s.web.servlet.DispatcherServlet        : GET "/stats/custom", parameters={}
2026-01-01T21:04:12.408-03:00 DEBUG 22292 --- [strava-spring] [http-nio-8080-exec-4] s.w.s.m.m.a.RequestMappingHandlerMapping : Mapped to com.getavares.strava.StravaController#getCustomStats()
2026-01-01T21:04:14.020-03:00 DEBUG 22292 --- [strava-spring] [http-nio-8080-exec-4] m.m.a.RequestResponseBodyMethodProcessor : Using 'application/json', given [*/*] and supported [application/json]
2026-01-01T21:04:14.020-03:00 DEBUG 22292 --- [strava-spring] [http-nio-8080-exec-4] m.m.a.RequestResponseBodyMethodProcessor : Writing ["{<EOL><EOL>  "titulo" : "ATIV.GE TAVARES 2025",<EOL><EOL>  "total_atividades" : 105,<EOL><EOL>  "distancia_total_km" : 299.9 (truncated)..."]
2026-01-01T21:04:14.021-03:00 DEBUG 22292 --- [strava-spring] [http-nio-8080-exec-4] o.s.web.servlet.DispatcherServlet        : Completed 200 OK
